
---
events:
  -
    kind: "message-v1"
    backtrace:
      - "C:/Program Files/CMake/share/cmake-3.30/Modules/CMakeDetermineSystem.cmake:205 (message)"
      - "CMakeLists.txt:6 (project)"
    message: |
      The system is: Windows - 10.0.22000 - AMD64
  -
    kind: "message-v1"
    backtrace:
      - "C:/Program Files/CMake/share/cmake-3.30/Modules/CMakeDetermineCompilerId.cmake:17 (message)"
      - "C:/Program Files/CMake/share/cmake-3.30/Modules/CMakeDetermineCompilerId.cmake:64 (__determine_compiler_id_test)"
      - "C:/Program Files/CMake/share/cmake-3.30/Modules/CMakeDetermineCCompiler.cmake:123 (CMAKE_DETERMINE_COMPILER_ID)"
      - "CMakeLists.txt:6 (project)"
    message: |
      Compiling the C compiler identification source file "CMakeCCompilerId.c" succeeded.
      Compiler: C:/Program Files/Microsoft Visual Studio/2022/Community/VC/Tools/MSVC/14.40.33807/bin/Hostx64/x64/cl.exe 
      Build flags: /nologo;/DWIN32;/D_WINDOWS;/utf-8;/MP
      Id flags:  
      
      The output was:
      0
      CMakeCCompilerId.c
      
      
      Compilation of the C compiler identification source "CMakeCCompilerId.c" produced "CMakeCCompilerId.exe"
      
      Compilation of the C compiler identification source "CMakeCCompilerId.c" produced "CMakeCCompilerId.obj"
      
      The C compiler identification is MSVC, found in:
        D:/lenky_jpegli/vcpkg/buildtrees/gtest/x64-windows-rel/CMakeFiles/3.30.2/CompilerIdC/CMakeCCompilerId.exe
      
  -
    kind: "message-v1"
    backtrace:
      - "C:/Program Files/CMake/share/cmake-3.30/Modules/CMakeDetermineCompilerId.cmake:1243 (message)"
      - "C:/Program Files/CMake/share/cmake-3.30/Modules/CMakeDetermineCompilerId.cmake:250 (CMAKE_DETERMINE_MSVC_SHOWINCLUDES_PREFIX)"
      - "C:/Program Files/CMake/share/cmake-3.30/Modules/CMakeDetermineCCompiler.cmake:123 (CMAKE_DETERMINE_COMPILER_ID)"
      - "CMakeLists.txt:6 (project)"
    message: |
      Detecting C compiler /showIncludes prefix:
        main.c
        注意: 包含文件:  D:\\lenky_jpegli\\vcpkg\\buildtrees\\gtest\\x64-windows-rel\\CMakeFiles\\ShowIncludes\\foo.h
        
      Found prefix "注意: 包含文件:  "
  -
    kind: "message-v1"
    backtrace:
      - "C:/Program Files/CMake/share/cmake-3.30/Modules/CMakeDetermineCompilerId.cmake:17 (message)"
      - "C:/Program Files/CMake/share/cmake-3.30/Modules/CMakeDetermineCompilerId.cmake:64 (__determine_compiler_id_test)"
      - "C:/Program Files/CMake/share/cmake-3.30/Modules/CMakeDetermineCXXCompiler.cmake:126 (CMAKE_DETERMINE_COMPILER_ID)"
      - "CMakeLists.txt:6 (project)"
    message: |
      Compiling the CXX compiler identification source file "CMakeCXXCompilerId.cpp" succeeded.
      Compiler: C:/Program Files/Microsoft Visual Studio/2022/Community/VC/Tools/MSVC/14.40.33807/bin/Hostx64/x64/cl.exe 
      Build flags: /nologo;/DWIN32;/D_WINDOWS;/utf-8;/GR;/EHsc;/MP
      Id flags:  
      
      The output was:
      0
      CMakeCXXCompilerId.cpp
      
      
      Compilation of the CXX compiler identification source "CMakeCXXCompilerId.cpp" produced "CMakeCXXCompilerId.exe"
      
      Compilation of the CXX compiler identification source "CMakeCXXCompilerId.cpp" produced "CMakeCXXCompilerId.obj"
      
      The CXX compiler identification is MSVC, found in:
        D:/lenky_jpegli/vcpkg/buildtrees/gtest/x64-windows-rel/CMakeFiles/3.30.2/CompilerIdCXX/CMakeCXXCompilerId.exe
      
  -
    kind: "message-v1"
    backtrace:
      - "C:/Program Files/CMake/share/cmake-3.30/Modules/CMakeDetermineCompilerId.cmake:1243 (message)"
      - "C:/Program Files/CMake/share/cmake-3.30/Modules/CMakeDetermineCompilerId.cmake:250 (CMAKE_DETERMINE_MSVC_SHOWINCLUDES_PREFIX)"
      - "C:/Program Files/CMake/share/cmake-3.30/Modules/CMakeDetermineCXXCompiler.cmake:126 (CMAKE_DETERMINE_COMPILER_ID)"
      - "CMakeLists.txt:6 (project)"
    message: |
      Detecting CXX compiler /showIncludes prefix:
        main.c
        注意: 包含文件:  D:\\lenky_jpegli\\vcpkg\\buildtrees\\gtest\\x64-windows-rel\\CMakeFiles\\ShowIncludes\\foo.h
        
      Found prefix "注意: 包含文件:  "
  -
    kind: "try_compile-v1"
    backtrace:
      - "C:/Program Files/CMake/share/cmake-3.30/Modules/CMakeDetermineCompilerABI.cmake:74 (try_compile)"
      - "C:/Program Files/CMake/share/cmake-3.30/Modules/CMakeTestCCompiler.cmake:26 (CMAKE_DETERMINE_COMPILER_ABI)"
      - "CMakeLists.txt:6 (project)"
    checks:
      - "Detecting C compiler ABI info"
    directories:
      source: "D:/lenky_jpegli/vcpkg/buildtrees/gtest/x64-windows-rel/CMakeFiles/CMakeScratch/TryCompile-07kaez"
      binary: "D:/lenky_jpegli/vcpkg/buildtrees/gtest/x64-windows-rel/CMakeFiles/CMakeScratch/TryCompile-07kaez"
    cmakeVariables:
      CMAKE_C_FLAGS: " /nologo /DWIN32 /D_WINDOWS /utf-8 /MP "
      CMAKE_C_FLAGS_DEBUG: "/D_DEBUG /MDd /Z7 /Ob0 /Od /RTC1 "
      CMAKE_EXE_LINKER_FLAGS: "/machine:x64"
      CMAKE_MSVC_DEBUG_INFORMATION_FORMAT: ""
      CMAKE_MSVC_RUNTIME_LIBRARY: "MultiThreaded$<$<CONFIG:Debug>:Debug>$<$<STREQUAL:dynamic,dynamic>:DLL>"
      VCPKG_CHAINLOAD_TOOLCHAIN_FILE: "D:/lenky_jpegli/vcpkg/scripts/toolchains/windows.cmake"
      VCPKG_CRT_LINKAGE: "dynamic"
      VCPKG_CXX_FLAGS: ""
      VCPKG_CXX_FLAGS_DEBUG: ""
      VCPKG_CXX_FLAGS_RELEASE: ""
      VCPKG_C_FLAGS: ""
      VCPKG_C_FLAGS_DEBUG: ""
      VCPKG_C_FLAGS_RELEASE: ""
      VCPKG_INSTALLED_DIR: "D:/lenky_jpegli/vcpkg/installed"
      VCPKG_LINKER_FLAGS: ""
      VCPKG_LINKER_FLAGS_DEBUG: ""
      VCPKG_LINKER_FLAGS_RELEASE: ""
      VCPKG_PLATFORM_TOOLSET: "v143"
      VCPKG_PREFER_SYSTEM_LIBS: "OFF"
      VCPKG_SET_CHARSET_FLAG: "ON"
      VCPKG_TARGET_ARCHITECTURE: "x64"
      VCPKG_TARGET_TRIPLET: "x64-windows"
      Z_VCPKG_ROOT_DIR: "D:/lenky_jpegli/vcpkg"
    buildResult:
      variable: "CMAKE_C_ABI_COMPILED"
      cached: true
      stdout: |
        Change Dir: 'D:/lenky_jpegli/vcpkg/buildtrees/gtest/x64-windows-rel/CMakeFiles/CMakeScratch/TryCompile-07kaez'
        
        Run Build Command(s): "C:/Program Files/Microsoft Visual Studio/2022/Community/Common7/IDE/CommonExtensions/Microsoft/CMake/Ninja/ninja.exe" -v cmTC_0c62f
        [1/2] C:\\PROGRA~1\\MICROS~4\\2022\\COMMUN~1\\VC\\Tools\\MSVC\\1440~1.338\\bin\\Hostx64\\x64\\cl.exe  /nologo   /nologo /DWIN32 /D_WINDOWS /utf-8 /MP   /D_DEBUG /MDd /Z7 /Ob0 /Od /RTC1 /showIncludes /FoCMakeFiles\\cmTC_0c62f.dir\\CMakeCCompilerABI.c.obj /FdCMakeFiles\\cmTC_0c62f.dir\\ /FS -c "C:\\Program Files\\CMake\\share\\cmake-3.30\\Modules\\CMakeCCompilerABI.c"
        [2/2] C:\\WINDOWS\\system32\\cmd.exe /C "cd . && "C:\\Program Files\\CMake\\bin\\cmake.exe" -E vs_link_exe --intdir=CMakeFiles\\cmTC_0c62f.dir --rc=C:\\PROGRA~2\\WI3CF2~1\\10\\bin\\100226~1.0\\x64\\rc.exe --mt=C:\\PROGRA~2\\WI3CF2~1\\10\\bin\\100226~1.0\\x64\\mt.exe --manifests  -- C:\\PROGRA~1\\MICROS~4\\2022\\COMMUN~1\\VC\\Tools\\MSVC\\1440~1.338\\bin\\Hostx64\\x64\\link.exe /nologo CMakeFiles\\cmTC_0c62f.dir\\CMakeCCompilerABI.c.obj  /out:cmTC_0c62f.exe /implib:cmTC_0c62f.lib /pdb:cmTC_0c62f.pdb /version:0.0 /machine:x64  /nologo    /debug /INCREMENTAL /subsystem:console  kernel32.lib user32.lib gdi32.lib winspool.lib shell32.lib ole32.lib oleaut32.lib uuid.lib comdlg32.lib advapi32.lib && cd ."
        
      exitCode: 0
  -
    kind: "message-v1"
    backtrace:
      - "C:/Program Files/CMake/share/cmake-3.30/Modules/CMakeDetermineCompilerABI.cmake:218 (message)"
      - "C:/Program Files/CMake/share/cmake-3.30/Modules/CMakeTestCCompiler.cmake:26 (CMAKE_DETERMINE_COMPILER_ABI)"
      - "CMakeLists.txt:6 (project)"
    message: |
      Parsed C implicit link information:
        link line regex: [^( *|.*[/\\])(ld[0-9]*(\\.[a-z]+)?|link\\.exe|lld-link(\\.exe)?|CMAKE_LINK_STARTFILE-NOTFOUND|([^/\\]+-)?ld|collect2)[^/\\]*( |$)]
        linker tool regex: [^[ 	]*(->|")?[ 	]*(([^"]*[/\\])?(ld[0-9]*(\\.[a-z]+)?|link\\.exe|lld-link(\\.exe)?))("|,| |$)]
        linker tool for 'C': C:/PROGRA~1/MICROS~4/2022/COMMUN~1/VC/Tools/MSVC/1440~1.338/bin/Hostx64/x64/link.exe
        implicit libs: []
        implicit objs: []
        implicit dirs: []
        implicit fwks: []
      
      
  -
    kind: "message-v1"
    backtrace:
      - "C:/Program Files/CMake/share/cmake-3.30/Modules/Internal/CMakeDetermineLinkerId.cmake:40 (message)"
      - "C:/Program Files/CMake/share/cmake-3.30/Modules/CMakeDetermineCompilerABI.cmake:255 (cmake_determine_linker_id)"
      - "C:/Program Files/CMake/share/cmake-3.30/Modules/CMakeTestCCompiler.cmake:26 (CMAKE_DETERMINE_COMPILER_ABI)"
      - "CMakeLists.txt:6 (project)"
    message: |
      Running the C compiler's linker: "C:/PROGRA~1/MICROS~4/2022/COMMUN~1/VC/Tools/MSVC/1440~1.338/bin/Hostx64/x64/link.exe" "-v"
      Microsoft (R) Incremental Linker Version 14.40.33813.0
      Copyright (C) Microsoft Corporation.  All rights reserved.
  -
    kind: "try_compile-v1"
    backtrace:
      - "C:/Program Files/CMake/share/cmake-3.30/Modules/CMakeDetermineCompilerABI.cmake:74 (try_compile)"
      - "C:/Program Files/CMake/share/cmake-3.30/Modules/CMakeTestCXXCompiler.cmake:26 (CMAKE_DETERMINE_COMPILER_ABI)"
      - "CMakeLists.txt:6 (project)"
    checks:
      - "Detecting CXX compiler ABI info"
    directories:
      source: "D:/lenky_jpegli/vcpkg/buildtrees/gtest/x64-windows-rel/CMakeFiles/CMakeScratch/TryCompile-syshgz"
      binary: "D:/lenky_jpegli/vcpkg/buildtrees/gtest/x64-windows-rel/CMakeFiles/CMakeScratch/TryCompile-syshgz"
    cmakeVariables:
      CMAKE_CXX_FLAGS: " /nologo /DWIN32 /D_WINDOWS /utf-8 /GR /EHsc /MP "
      CMAKE_CXX_FLAGS_DEBUG: "/D_DEBUG /MDd /Z7 /Ob0 /Od /RTC1 "
      CMAKE_CXX_SCAN_FOR_MODULES: "OFF"
      CMAKE_EXE_LINKER_FLAGS: "/machine:x64"
      CMAKE_MSVC_DEBUG_INFORMATION_FORMAT: ""
      CMAKE_MSVC_RUNTIME_LIBRARY: "MultiThreaded$<$<CONFIG:Debug>:Debug>$<$<STREQUAL:dynamic,dynamic>:DLL>"
      VCPKG_CHAINLOAD_TOOLCHAIN_FILE: "D:/lenky_jpegli/vcpkg/scripts/toolchains/windows.cmake"
      VCPKG_CRT_LINKAGE: "dynamic"
      VCPKG_CXX_FLAGS: ""
      VCPKG_CXX_FLAGS_DEBUG: ""
      VCPKG_CXX_FLAGS_RELEASE: ""
      VCPKG_C_FLAGS: ""
      VCPKG_C_FLAGS_DEBUG: ""
      VCPKG_C_FLAGS_RELEASE: ""
      VCPKG_INSTALLED_DIR: "D:/lenky_jpegli/vcpkg/installed"
      VCPKG_LINKER_FLAGS: ""
      VCPKG_LINKER_FLAGS_DEBUG: ""
      VCPKG_LINKER_FLAGS_RELEASE: ""
      VCPKG_PLATFORM_TOOLSET: "v143"
      VCPKG_PREFER_SYSTEM_LIBS: "OFF"
      VCPKG_SET_CHARSET_FLAG: "ON"
      VCPKG_TARGET_ARCHITECTURE: "x64"
      VCPKG_TARGET_TRIPLET: "x64-windows"
      Z_VCPKG_ROOT_DIR: "D:/lenky_jpegli/vcpkg"
    buildResult:
      variable: "CMAKE_CXX_ABI_COMPILED"
      cached: true
      stdout: |
        Change Dir: 'D:/lenky_jpegli/vcpkg/buildtrees/gtest/x64-windows-rel/CMakeFiles/CMakeScratch/TryCompile-syshgz'
        
        Run Build Command(s): "C:/Program Files/Microsoft Visual Studio/2022/Community/Common7/IDE/CommonExtensions/Microsoft/CMake/Ninja/ninja.exe" -v cmTC_fab74
        [1/2] C:\\PROGRA~1\\MICROS~4\\2022\\COMMUN~1\\VC\\Tools\\MSVC\\1440~1.338\\bin\\Hostx64\\x64\\cl.exe  /nologo /TP   /nologo /DWIN32 /D_WINDOWS /utf-8 /GR /EHsc /MP   /D_DEBUG /MDd /Z7 /Ob0 /Od /RTC1 /showIncludes /FoCMakeFiles\\cmTC_fab74.dir\\CMakeCXXCompilerABI.cpp.obj /FdCMakeFiles\\cmTC_fab74.dir\\ /FS -c "C:\\Program Files\\CMake\\share\\cmake-3.30\\Modules\\CMakeCXXCompilerABI.cpp"
        [2/2] C:\\WINDOWS\\system32\\cmd.exe /C "cd . && "C:\\Program Files\\CMake\\bin\\cmake.exe" -E vs_link_exe --intdir=CMakeFiles\\cmTC_fab74.dir --rc=C:\\PROGRA~2\\WI3CF2~1\\10\\bin\\100226~1.0\\x64\\rc.exe --mt=C:\\PROGRA~2\\WI3CF2~1\\10\\bin\\100226~1.0\\x64\\mt.exe --manifests  -- C:\\PROGRA~1\\MICROS~4\\2022\\COMMUN~1\\VC\\Tools\\MSVC\\1440~1.338\\bin\\Hostx64\\x64\\link.exe /nologo CMakeFiles\\cmTC_fab74.dir\\CMakeCXXCompilerABI.cpp.obj  /out:cmTC_fab74.exe /implib:cmTC_fab74.lib /pdb:cmTC_fab74.pdb /version:0.0 /machine:x64  /nologo    /debug /INCREMENTAL /subsystem:console  kernel32.lib user32.lib gdi32.lib winspool.lib shell32.lib ole32.lib oleaut32.lib uuid.lib comdlg32.lib advapi32.lib && cd ."
        
      exitCode: 0
  -
    kind: "message-v1"
    backtrace:
      - "C:/Program Files/CMake/share/cmake-3.30/Modules/CMakeDetermineCompilerABI.cmake:218 (message)"
      - "C:/Program Files/CMake/share/cmake-3.30/Modules/CMakeTestCXXCompiler.cmake:26 (CMAKE_DETERMINE_COMPILER_ABI)"
      - "CMakeLists.txt:6 (project)"
    message: |
      Parsed CXX implicit link information:
        link line regex: [^( *|.*[/\\])(ld[0-9]*(\\.[a-z]+)?|link\\.exe|lld-link(\\.exe)?|CMAKE_LINK_STARTFILE-NOTFOUND|([^/\\]+-)?ld|collect2)[^/\\]*( |$)]
        linker tool regex: [^[ 	]*(->|")?[ 	]*(([^"]*[/\\])?(ld[0-9]*(\\.[a-z]+)?|link\\.exe|lld-link(\\.exe)?))("|,| |$)]
        linker tool for 'CXX': C:/PROGRA~1/MICROS~4/2022/COMMUN~1/VC/Tools/MSVC/1440~1.338/bin/Hostx64/x64/link.exe
        implicit libs: []
        implicit objs: []
        implicit dirs: []
        implicit fwks: []
      
      
  -
    kind: "message-v1"
    backtrace:
      - "C:/Program Files/CMake/share/cmake-3.30/Modules/Internal/CMakeDetermineLinkerId.cmake:40 (message)"
      - "C:/Program Files/CMake/share/cmake-3.30/Modules/CMakeDetermineCompilerABI.cmake:255 (cmake_determine_linker_id)"
      - "C:/Program Files/CMake/share/cmake-3.30/Modules/CMakeTestCXXCompiler.cmake:26 (CMAKE_DETERMINE_COMPILER_ABI)"
      - "CMakeLists.txt:6 (project)"
    message: |
      Running the CXX compiler's linker: "C:/PROGRA~1/MICROS~4/2022/COMMUN~1/VC/Tools/MSVC/1440~1.338/bin/Hostx64/x64/link.exe" "-v"
      Microsoft (R) Incremental Linker Version 14.40.33813.0
      Copyright (C) Microsoft Corporation.  All rights reserved.
  -
    kind: "try_compile-v1"
    backtrace:
      - "C:/Program Files/CMake/share/cmake-3.30/Modules/Internal/CheckSourceCompiles.cmake:101 (try_compile)"
      - "C:/Program Files/CMake/share/cmake-3.30/Modules/CheckCSourceCompiles.cmake:52 (cmake_check_source_compiles)"
      - "C:/Program Files/CMake/share/cmake-3.30/Modules/FindThreads.cmake:97 (CHECK_C_SOURCE_COMPILES)"
      - "C:/Program Files/CMake/share/cmake-3.30/Modules/FindThreads.cmake:163 (_threads_check_libc)"
      - "D:/lenky_jpegli/vcpkg/scripts/buildsystems/vcpkg.cmake:859 (_find_package)"
      - "googletest/cmake/internal_utils.cmake:66 (find_package)"
      - "googletest/CMakeLists.txt:83 (config_compiler_and_linker)"
    checks:
      - "Performing Test CMAKE_HAVE_LIBC_PTHREAD"
    directories:
      source: "D:/lenky_jpegli/vcpkg/buildtrees/gtest/x64-windows-rel/CMakeFiles/CMakeScratch/TryCompile-ffm6in"
      binary: "D:/lenky_jpegli/vcpkg/buildtrees/gtest/x64-windows-rel/CMakeFiles/CMakeScratch/TryCompile-ffm6in"
    cmakeVariables:
      CMAKE_C_FLAGS: " /nologo /DWIN32 /D_WINDOWS /utf-8 /MP "
      CMAKE_C_FLAGS_DEBUG: "/D_DEBUG /MDd /Z7 /Ob0 /Od /RTC1 "
      CMAKE_EXE_LINKER_FLAGS: "/machine:x64"
      CMAKE_MSVC_DEBUG_INFORMATION_FORMAT: ""
      CMAKE_MSVC_RUNTIME_LIBRARY: "MultiThreaded$<$<CONFIG:Debug>:Debug>$<$<STREQUAL:dynamic,dynamic>:DLL>"
      VCPKG_CHAINLOAD_TOOLCHAIN_FILE: "D:/lenky_jpegli/vcpkg/scripts/toolchains/windows.cmake"
      VCPKG_CRT_LINKAGE: "dynamic"
      VCPKG_CXX_FLAGS: ""
      VCPKG_CXX_FLAGS_DEBUG: ""
      VCPKG_CXX_FLAGS_RELEASE: ""
      VCPKG_C_FLAGS: ""
      VCPKG_C_FLAGS_DEBUG: ""
      VCPKG_C_FLAGS_RELEASE: ""
      VCPKG_INSTALLED_DIR: "D:/lenky_jpegli/vcpkg/installed"
      VCPKG_LINKER_FLAGS: ""
      VCPKG_LINKER_FLAGS_DEBUG: ""
      VCPKG_LINKER_FLAGS_RELEASE: ""
      VCPKG_PLATFORM_TOOLSET: "v143"
      VCPKG_PREFER_SYSTEM_LIBS: "OFF"
      VCPKG_SET_CHARSET_FLAG: "ON"
      VCPKG_TARGET_ARCHITECTURE: "x64"
      VCPKG_TARGET_TRIPLET: "x64-windows"
      Z_VCPKG_ROOT_DIR: "D:/lenky_jpegli/vcpkg"
    buildResult:
      variable: "CMAKE_HAVE_LIBC_PTHREAD"
      cached: true
      stdout: |
        Change Dir: 'D:/lenky_jpegli/vcpkg/buildtrees/gtest/x64-windows-rel/CMakeFiles/CMakeScratch/TryCompile-ffm6in'
        
        Run Build Command(s): "C:/Program Files/Microsoft Visual Studio/2022/Community/Common7/IDE/CommonExtensions/Microsoft/CMake/Ninja/ninja.exe" -v cmTC_21a61
        [1/2] C:\\PROGRA~1\\MICROS~4\\2022\\COMMUN~1\\VC\\Tools\\MSVC\\1440~1.338\\bin\\Hostx64\\x64\\cl.exe  /nologo -DCMAKE_HAVE_LIBC_PTHREAD  /nologo /DWIN32 /D_WINDOWS /utf-8 /MP   /D_DEBUG /MDd /Z7 /Ob0 /Od /RTC1 /showIncludes /FoCMakeFiles\\cmTC_21a61.dir\\src.c.obj /FdCMakeFiles\\cmTC_21a61.dir\\ /FS -c D:\\lenky_jpegli\\vcpkg\\buildtrees\\gtest\\x64-windows-rel\\CMakeFiles\\CMakeScratch\\TryCompile-ffm6in\\src.c
        FAILED: CMakeFiles/cmTC_21a61.dir/src.c.obj 
        C:\\PROGRA~1\\MICROS~4\\2022\\COMMUN~1\\VC\\Tools\\MSVC\\1440~1.338\\bin\\Hostx64\\x64\\cl.exe  /nologo -DCMAKE_HAVE_LIBC_PTHREAD  /nologo /DWIN32 /D_WINDOWS /utf-8 /MP   /D_DEBUG /MDd /Z7 /Ob0 /Od /RTC1 /showIncludes /FoCMakeFiles\\cmTC_21a61.dir\\src.c.obj /FdCMakeFiles\\cmTC_21a61.dir\\ /FS -c D:\\lenky_jpegli\\vcpkg\\buildtrees\\gtest\\x64-windows-rel\\CMakeFiles\\CMakeScratch\\TryCompile-ffm6in\\src.c
        D:\\lenky_jpegli\\vcpkg\\buildtrees\\gtest\\x64-windows-rel\\CMakeFiles\\CMakeScratch\\TryCompile-ffm6in\\src.c(1): fatal error C1083: 无法打开包括文件: “pthread.h”: No such file or directory
        ninja: build stopped: subcommand failed.
        
      exitCode: 1
  -
    kind: "try_compile-v1"
    backtrace:
      - "C:/Program Files/CMake/share/cmake-3.30/Modules/CheckLibraryExists.cmake:69 (try_compile)"
      - "C:/Program Files/CMake/share/cmake-3.30/Modules/FindThreads.cmake:112 (CHECK_LIBRARY_EXISTS)"
      - "C:/Program Files/CMake/share/cmake-3.30/Modules/FindThreads.cmake:175 (_threads_check_lib)"
      - "D:/lenky_jpegli/vcpkg/scripts/buildsystems/vcpkg.cmake:859 (_find_package)"
      - "googletest/cmake/internal_utils.cmake:66 (find_package)"
      - "googletest/CMakeLists.txt:83 (config_compiler_and_linker)"
    checks:
      - "Looking for pthread_create in pthreads"
    directories:
      source: "D:/lenky_jpegli/vcpkg/buildtrees/gtest/x64-windows-rel/CMakeFiles/CMakeScratch/TryCompile-eeis8q"
      binary: "D:/lenky_jpegli/vcpkg/buildtrees/gtest/x64-windows-rel/CMakeFiles/CMakeScratch/TryCompile-eeis8q"
    cmakeVariables:
      CMAKE_C_FLAGS: " /nologo /DWIN32 /D_WINDOWS /utf-8 /MP "
      CMAKE_C_FLAGS_DEBUG: "/D_DEBUG /MDd /Z7 /Ob0 /Od /RTC1 "
      CMAKE_EXE_LINKER_FLAGS: "/machine:x64"
      CMAKE_MSVC_DEBUG_INFORMATION_FORMAT: ""
      CMAKE_MSVC_RUNTIME_LIBRARY: "MultiThreaded$<$<CONFIG:Debug>:Debug>$<$<STREQUAL:dynamic,dynamic>:DLL>"
      VCPKG_CHAINLOAD_TOOLCHAIN_FILE: "D:/lenky_jpegli/vcpkg/scripts/toolchains/windows.cmake"
      VCPKG_CRT_LINKAGE: "dynamic"
      VCPKG_CXX_FLAGS: ""
      VCPKG_CXX_FLAGS_DEBUG: ""
      VCPKG_CXX_FLAGS_RELEASE: ""
      VCPKG_C_FLAGS: ""
      VCPKG_C_FLAGS_DEBUG: ""
      VCPKG_C_FLAGS_RELEASE: ""
      VCPKG_INSTALLED_DIR: "D:/lenky_jpegli/vcpkg/installed"
      VCPKG_LINKER_FLAGS: ""
      VCPKG_LINKER_FLAGS_DEBUG: ""
      VCPKG_LINKER_FLAGS_RELEASE: ""
      VCPKG_PLATFORM_TOOLSET: "v143"
      VCPKG_PREFER_SYSTEM_LIBS: "OFF"
      VCPKG_SET_CHARSET_FLAG: "ON"
      VCPKG_TARGET_ARCHITECTURE: "x64"
      VCPKG_TARGET_TRIPLET: "x64-windows"
      Z_VCPKG_ROOT_DIR: "D:/lenky_jpegli/vcpkg"
    buildResult:
      variable: "CMAKE_HAVE_PTHREADS_CREATE"
      cached: true
      stdout: |
        Change Dir: 'D:/lenky_jpegli/vcpkg/buildtrees/gtest/x64-windows-rel/CMakeFiles/CMakeScratch/TryCompile-eeis8q'
        
        Run Build Command(s): "C:/Program Files/Microsoft Visual Studio/2022/Community/Common7/IDE/CommonExtensions/Microsoft/CMake/Ninja/ninja.exe" -v cmTC_d3250
        [1/2] C:\\PROGRA~1\\MICROS~4\\2022\\COMMUN~1\\VC\\Tools\\MSVC\\1440~1.338\\bin\\Hostx64\\x64\\cl.exe  /nologo   /nologo /DWIN32 /D_WINDOWS /utf-8 /MP  -DCHECK_FUNCTION_EXISTS=pthread_create /D_DEBUG /MDd /Z7 /Ob0 /Od /RTC1 /showIncludes /FoCMakeFiles\\cmTC_d3250.dir\\CheckFunctionExists.c.obj /FdCMakeFiles\\cmTC_d3250.dir\\ /FS -c D:\\lenky_jpegli\\vcpkg\\buildtrees\\gtest\\x64-windows-rel\\CMakeFiles\\CMakeScratch\\TryCompile-eeis8q\\CheckFunctionExists.c
        [2/2] C:\\WINDOWS\\system32\\cmd.exe /C "cd . && "C:\\Program Files\\CMake\\bin\\cmake.exe" -E vs_link_exe --intdir=CMakeFiles\\cmTC_d3250.dir --rc=C:\\PROGRA~2\\WI3CF2~1\\10\\bin\\100226~1.0\\x64\\rc.exe --mt=C:\\PROGRA~2\\WI3CF2~1\\10\\bin\\100226~1.0\\x64\\mt.exe --manifests  -- C:\\PROGRA~1\\MICROS~4\\2022\\COMMUN~1\\VC\\Tools\\MSVC\\1440~1.338\\bin\\Hostx64\\x64\\link.exe /nologo CMakeFiles\\cmTC_d3250.dir\\CheckFunctionExists.c.obj  /out:cmTC_d3250.exe /implib:cmTC_d3250.lib /pdb:cmTC_d3250.pdb /version:0.0 /machine:x64  /nologo    /debug /INCREMENTAL /subsystem:console  pthreads.lib  kernel32.lib user32.lib gdi32.lib winspool.lib shell32.lib ole32.lib oleaut32.lib uuid.lib comdlg32.lib advapi32.lib && cd ."
        FAILED: cmTC_d3250.exe 
        C:\\WINDOWS\\system32\\cmd.exe /C "cd . && "C:\\Program Files\\CMake\\bin\\cmake.exe" -E vs_link_exe --intdir=CMakeFiles\\cmTC_d3250.dir --rc=C:\\PROGRA~2\\WI3CF2~1\\10\\bin\\100226~1.0\\x64\\rc.exe --mt=C:\\PROGRA~2\\WI3CF2~1\\10\\bin\\100226~1.0\\x64\\mt.exe --manifests  -- C:\\PROGRA~1\\MICROS~4\\2022\\COMMUN~1\\VC\\Tools\\MSVC\\1440~1.338\\bin\\Hostx64\\x64\\link.exe /nologo CMakeFiles\\cmTC_d3250.dir\\CheckFunctionExists.c.obj  /out:cmTC_d3250.exe /implib:cmTC_d3250.lib /pdb:cmTC_d3250.pdb /version:0.0 /machine:x64  /nologo    /debug /INCREMENTAL /subsystem:console  pthreads.lib  kernel32.lib user32.lib gdi32.lib winspool.lib shell32.lib ole32.lib oleaut32.lib uuid.lib comdlg32.lib advapi32.lib && cd ."
        LINK Pass 1: command "C:\\PROGRA~1\\MICROS~4\\2022\\COMMUN~1\\VC\\Tools\\MSVC\\1440~1.338\\bin\\Hostx64\\x64\\link.exe /nologo CMakeFiles\\cmTC_d3250.dir\\CheckFunctionExists.c.obj /out:cmTC_d3250.exe /implib:cmTC_d3250.lib /pdb:cmTC_d3250.pdb /version:0.0 /machine:x64 /nologo /debug /INCREMENTAL /subsystem:console pthreads.lib kernel32.lib user32.lib gdi32.lib winspool.lib shell32.lib ole32.lib oleaut32.lib uuid.lib comdlg32.lib advapi32.lib /MANIFEST /MANIFESTFILE:CMakeFiles\\cmTC_d3250.dir/intermediate.manifest CMakeFiles\\cmTC_d3250.dir/manifest.res" failed (exit code 1104) with the following output:
        LINK : fatal error LNK1104: 无法打开文件“pthreads.lib”\x0d
        ninja: build stopped: subcommand failed.
        
      exitCode: 1
  -
    kind: "try_compile-v1"
    backtrace:
      - "C:/Program Files/CMake/share/cmake-3.30/Modules/CheckLibraryExists.cmake:69 (try_compile)"
      - "C:/Program Files/CMake/share/cmake-3.30/Modules/FindThreads.cmake:112 (CHECK_LIBRARY_EXISTS)"
      - "C:/Program Files/CMake/share/cmake-3.30/Modules/FindThreads.cmake:176 (_threads_check_lib)"
      - "D:/lenky_jpegli/vcpkg/scripts/buildsystems/vcpkg.cmake:859 (_find_package)"
      - "googletest/cmake/internal_utils.cmake:66 (find_package)"
      - "googletest/CMakeLists.txt:83 (config_compiler_and_linker)"
    checks:
      - "Looking for pthread_create in pthread"
    directories:
      source: "D:/lenky_jpegli/vcpkg/buildtrees/gtest/x64-windows-rel/CMakeFiles/CMakeScratch/TryCompile-rwq6hz"
      binary: "D:/lenky_jpegli/vcpkg/buildtrees/gtest/x64-windows-rel/CMakeFiles/CMakeScratch/TryCompile-rwq6hz"
    cmakeVariables:
      CMAKE_C_FLAGS: " /nologo /DWIN32 /D_WINDOWS /utf-8 /MP "
      CMAKE_C_FLAGS_DEBUG: "/D_DEBUG /MDd /Z7 /Ob0 /Od /RTC1 "
      CMAKE_EXE_LINKER_FLAGS: "/machine:x64"
      CMAKE_MSVC_DEBUG_INFORMATION_FORMAT: ""
      CMAKE_MSVC_RUNTIME_LIBRARY: "MultiThreaded$<$<CONFIG:Debug>:Debug>$<$<STREQUAL:dynamic,dynamic>:DLL>"
      VCPKG_CHAINLOAD_TOOLCHAIN_FILE: "D:/lenky_jpegli/vcpkg/scripts/toolchains/windows.cmake"
      VCPKG_CRT_LINKAGE: "dynamic"
      VCPKG_CXX_FLAGS: ""
      VCPKG_CXX_FLAGS_DEBUG: ""
      VCPKG_CXX_FLAGS_RELEASE: ""
      VCPKG_C_FLAGS: ""
      VCPKG_C_FLAGS_DEBUG: ""
      VCPKG_C_FLAGS_RELEASE: ""
      VCPKG_INSTALLED_DIR: "D:/lenky_jpegli/vcpkg/installed"
      VCPKG_LINKER_FLAGS: ""
      VCPKG_LINKER_FLAGS_DEBUG: ""
      VCPKG_LINKER_FLAGS_RELEASE: ""
      VCPKG_PLATFORM_TOOLSET: "v143"
      VCPKG_PREFER_SYSTEM_LIBS: "OFF"
      VCPKG_SET_CHARSET_FLAG: "ON"
      VCPKG_TARGET_ARCHITECTURE: "x64"
      VCPKG_TARGET_TRIPLET: "x64-windows"
      Z_VCPKG_ROOT_DIR: "D:/lenky_jpegli/vcpkg"
    buildResult:
      variable: "CMAKE_HAVE_PTHREAD_CREATE"
      cached: true
      stdout: |
        Change Dir: 'D:/lenky_jpegli/vcpkg/buildtrees/gtest/x64-windows-rel/CMakeFiles/CMakeScratch/TryCompile-rwq6hz'
        
        Run Build Command(s): "C:/Program Files/Microsoft Visual Studio/2022/Community/Common7/IDE/CommonExtensions/Microsoft/CMake/Ninja/ninja.exe" -v cmTC_176dc
        [1/2] C:\\PROGRA~1\\MICROS~4\\2022\\COMMUN~1\\VC\\Tools\\MSVC\\1440~1.338\\bin\\Hostx64\\x64\\cl.exe  /nologo   /nologo /DWIN32 /D_WINDOWS /utf-8 /MP  -DCHECK_FUNCTION_EXISTS=pthread_create /D_DEBUG /MDd /Z7 /Ob0 /Od /RTC1 /showIncludes /FoCMakeFiles\\cmTC_176dc.dir\\CheckFunctionExists.c.obj /FdCMakeFiles\\cmTC_176dc.dir\\ /FS -c D:\\lenky_jpegli\\vcpkg\\buildtrees\\gtest\\x64-windows-rel\\CMakeFiles\\CMakeScratch\\TryCompile-rwq6hz\\CheckFunctionExists.c
        [2/2] C:\\WINDOWS\\system32\\cmd.exe /C "cd . && "C:\\Program Files\\CMake\\bin\\cmake.exe" -E vs_link_exe --intdir=CMakeFiles\\cmTC_176dc.dir --rc=C:\\PROGRA~2\\WI3CF2~1\\10\\bin\\100226~1.0\\x64\\rc.exe --mt=C:\\PROGRA~2\\WI3CF2~1\\10\\bin\\100226~1.0\\x64\\mt.exe --manifests  -- C:\\PROGRA~1\\MICROS~4\\2022\\COMMUN~1\\VC\\Tools\\MSVC\\1440~1.338\\bin\\Hostx64\\x64\\link.exe /nologo CMakeFiles\\cmTC_176dc.dir\\CheckFunctionExists.c.obj  /out:cmTC_176dc.exe /implib:cmTC_176dc.lib /pdb:cmTC_176dc.pdb /version:0.0 /machine:x64  /nologo    /debug /INCREMENTAL /subsystem:console  pthread.lib  kernel32.lib user32.lib gdi32.lib winspool.lib shell32.lib ole32.lib oleaut32.lib uuid.lib comdlg32.lib advapi32.lib && cd ."
        FAILED: cmTC_176dc.exe 
        C:\\WINDOWS\\system32\\cmd.exe /C "cd . && "C:\\Program Files\\CMake\\bin\\cmake.exe" -E vs_link_exe --intdir=CMakeFiles\\cmTC_176dc.dir --rc=C:\\PROGRA~2\\WI3CF2~1\\10\\bin\\100226~1.0\\x64\\rc.exe --mt=C:\\PROGRA~2\\WI3CF2~1\\10\\bin\\100226~1.0\\x64\\mt.exe --manifests  -- C:\\PROGRA~1\\MICROS~4\\2022\\COMMUN~1\\VC\\Tools\\MSVC\\1440~1.338\\bin\\Hostx64\\x64\\link.exe /nologo CMakeFiles\\cmTC_176dc.dir\\CheckFunctionExists.c.obj  /out:cmTC_176dc.exe /implib:cmTC_176dc.lib /pdb:cmTC_176dc.pdb /version:0.0 /machine:x64  /nologo    /debug /INCREMENTAL /subsystem:console  pthread.lib  kernel32.lib user32.lib gdi32.lib winspool.lib shell32.lib ole32.lib oleaut32.lib uuid.lib comdlg32.lib advapi32.lib && cd ."
        LINK Pass 1: command "C:\\PROGRA~1\\MICROS~4\\2022\\COMMUN~1\\VC\\Tools\\MSVC\\1440~1.338\\bin\\Hostx64\\x64\\link.exe /nologo CMakeFiles\\cmTC_176dc.dir\\CheckFunctionExists.c.obj /out:cmTC_176dc.exe /implib:cmTC_176dc.lib /pdb:cmTC_176dc.pdb /version:0.0 /machine:x64 /nologo /debug /INCREMENTAL /subsystem:console pthread.lib kernel32.lib user32.lib gdi32.lib winspool.lib shell32.lib ole32.lib oleaut32.lib uuid.lib comdlg32.lib advapi32.lib /MANIFEST /MANIFESTFILE:CMakeFiles\\cmTC_176dc.dir/intermediate.manifest CMakeFiles\\cmTC_176dc.dir/manifest.res" failed (exit code 1104) with the following output:
        LINK : fatal error LNK1104: 无法打开文件“pthread.lib”\x0d
        ninja: build stopped: subcommand failed.
        
      exitCode: 1
...
