
---
events:
  -
    kind: "message-v1"
    backtrace:
      - "C:/Program Files/CMake/share/cmake-3.30/Modules/CMakeDetermineSystem.cmake:205 (message)"
      - "CMakeLists.txt:7 (project)"
    message: |
      The system is: Windows - 10.0.22000 - AMD64
  -
    kind: "message-v1"
    backtrace:
      - "C:/Program Files/CMake/share/cmake-3.30/Modules/CMakeDetermineCompilerId.cmake:17 (message)"
      - "C:/Program Files/CMake/share/cmake-3.30/Modules/CMakeDetermineCompilerId.cmake:64 (__determine_compiler_id_test)"
      - "C:/Program Files/CMake/share/cmake-3.30/Modules/CMakeDetermineCCompiler.cmake:123 (CMAKE_DETERMINE_COMPILER_ID)"
      - "CMakeLists.txt:7 (project)"
    message: |
      Compiling the C compiler identification source file "CMakeCCompilerId.c" succeeded.
      Compiler: C:/Program Files/Microsoft Visual Studio/2022/Community/VC/Tools/MSVC/14.40.33807/bin/Hostx64/x64/cl.exe 
      Build flags: /nologo;/DWIN32;/D_WINDOWS;/utf-8;/MP
      Id flags:  
      
      The output was:
      0
      CMakeCCompilerId.c
      
      
      Compilation of the C compiler identification source "CMakeCCompilerId.c" produced "CMakeCCompilerId.exe"
      
      Compilation of the C compiler identification source "CMakeCCompilerId.c" produced "CMakeCCompilerId.obj"
      
      The C compiler identification is MSVC, found in:
        D:/lenky_jpegli/vcpkg/buildtrees/libjpeg-turbo/x64-windows-rel/CMakeFiles/3.30.2/CompilerIdC/CMakeCCompilerId.exe
      
  -
    kind: "message-v1"
    backtrace:
      - "C:/Program Files/CMake/share/cmake-3.30/Modules/CMakeDetermineCompilerId.cmake:1243 (message)"
      - "C:/Program Files/CMake/share/cmake-3.30/Modules/CMakeDetermineCompilerId.cmake:250 (CMAKE_DETERMINE_MSVC_SHOWINCLUDES_PREFIX)"
      - "C:/Program Files/CMake/share/cmake-3.30/Modules/CMakeDetermineCCompiler.cmake:123 (CMAKE_DETERMINE_COMPILER_ID)"
      - "CMakeLists.txt:7 (project)"
    message: |
      Detecting C compiler /showIncludes prefix:
        main.c
        注意: 包含文件:  D:\\lenky_jpegli\\vcpkg\\buildtrees\\libjpeg-turbo\\x64-windows-rel\\CMakeFiles\\ShowIncludes\\foo.h
        
      Found prefix "注意: 包含文件:  "
  -
    kind: "try_compile-v1"
    backtrace:
      - "C:/Program Files/CMake/share/cmake-3.30/Modules/CMakeDetermineCompilerABI.cmake:74 (try_compile)"
      - "C:/Program Files/CMake/share/cmake-3.30/Modules/CMakeTestCCompiler.cmake:26 (CMAKE_DETERMINE_COMPILER_ABI)"
      - "CMakeLists.txt:7 (project)"
    checks:
      - "Detecting C compiler ABI info"
    directories:
      source: "D:/lenky_jpegli/vcpkg/buildtrees/libjpeg-turbo/x64-windows-rel/CMakeFiles/CMakeScratch/TryCompile-106rnp"
      binary: "D:/lenky_jpegli/vcpkg/buildtrees/libjpeg-turbo/x64-windows-rel/CMakeFiles/CMakeScratch/TryCompile-106rnp"
    cmakeVariables:
      CMAKE_C_FLAGS: " /nologo /DWIN32 /D_WINDOWS /utf-8 /MP "
      CMAKE_C_FLAGS_DEBUG: "/D_DEBUG /MDd /Z7 /Ob0 /Od /RTC1 "
      CMAKE_EXE_LINKER_FLAGS: "/machine:x64"
      CMAKE_MSVC_DEBUG_INFORMATION_FORMAT: ""
      CMAKE_MSVC_RUNTIME_LIBRARY: "MultiThreaded$<$<CONFIG:Debug>:Debug>$<$<STREQUAL:dynamic,dynamic>:DLL>"
      VCPKG_CHAINLOAD_TOOLCHAIN_FILE: "D:/lenky_jpegli/vcpkg/scripts/toolchains/windows.cmake"
      VCPKG_CRT_LINKAGE: "dynamic"
      VCPKG_CXX_FLAGS: ""
      VCPKG_CXX_FLAGS_DEBUG: ""
      VCPKG_CXX_FLAGS_RELEASE: ""
      VCPKG_C_FLAGS: ""
      VCPKG_C_FLAGS_DEBUG: ""
      VCPKG_C_FLAGS_RELEASE: ""
      VCPKG_INSTALLED_DIR: "D:/lenky_jpegli/vcpkg/installed"
      VCPKG_LINKER_FLAGS: ""
      VCPKG_LINKER_FLAGS_DEBUG: ""
      VCPKG_LINKER_FLAGS_RELEASE: ""
      VCPKG_PLATFORM_TOOLSET: "v143"
      VCPKG_PREFER_SYSTEM_LIBS: "OFF"
      VCPKG_SET_CHARSET_FLAG: "ON"
      VCPKG_TARGET_ARCHITECTURE: "x64"
      VCPKG_TARGET_TRIPLET: "x64-windows"
      Z_VCPKG_ROOT_DIR: "D:/lenky_jpegli/vcpkg"
    buildResult:
      variable: "CMAKE_C_ABI_COMPILED"
      cached: true
      stdout: |
        Change Dir: 'D:/lenky_jpegli/vcpkg/buildtrees/libjpeg-turbo/x64-windows-rel/CMakeFiles/CMakeScratch/TryCompile-106rnp'
        
        Run Build Command(s): "C:/Program Files/Microsoft Visual Studio/2022/Community/Common7/IDE/CommonExtensions/Microsoft/CMake/Ninja/ninja.exe" -v cmTC_d0d7b
        [1/2] C:\\PROGRA~1\\MICROS~4\\2022\\COMMUN~1\\VC\\Tools\\MSVC\\1440~1.338\\bin\\Hostx64\\x64\\cl.exe  /nologo   /nologo /DWIN32 /D_WINDOWS /utf-8 /MP   /D_DEBUG /MDd /Z7 /Ob0 /Od /RTC1  -MDd /showIncludes /FoCMakeFiles\\cmTC_d0d7b.dir\\CMakeCCompilerABI.c.obj /FdCMakeFiles\\cmTC_d0d7b.dir\\ /FS -c "C:\\Program Files\\CMake\\share\\cmake-3.30\\Modules\\CMakeCCompilerABI.c"
        [2/2] C:\\WINDOWS\\system32\\cmd.exe /C "cd . && "C:\\Program Files\\CMake\\bin\\cmake.exe" -E vs_link_exe --intdir=CMakeFiles\\cmTC_d0d7b.dir --rc=C:\\PROGRA~2\\WI3CF2~1\\10\\bin\\100226~1.0\\x64\\rc.exe --mt=C:\\PROGRA~2\\WI3CF2~1\\10\\bin\\100226~1.0\\x64\\mt.exe --manifests  -- C:\\PROGRA~1\\MICROS~4\\2022\\COMMUN~1\\VC\\Tools\\MSVC\\1440~1.338\\bin\\Hostx64\\x64\\link.exe /nologo CMakeFiles\\cmTC_d0d7b.dir\\CMakeCCompilerABI.c.obj  /out:cmTC_d0d7b.exe /implib:cmTC_d0d7b.lib /pdb:cmTC_d0d7b.pdb /version:0.0 /machine:x64  /nologo    /debug /INCREMENTAL /subsystem:console  kernel32.lib user32.lib gdi32.lib winspool.lib shell32.lib ole32.lib oleaut32.lib uuid.lib comdlg32.lib advapi32.lib && cd ."
        
      exitCode: 0
  -
    kind: "message-v1"
    backtrace:
      - "C:/Program Files/CMake/share/cmake-3.30/Modules/CMakeDetermineCompilerABI.cmake:218 (message)"
      - "C:/Program Files/CMake/share/cmake-3.30/Modules/CMakeTestCCompiler.cmake:26 (CMAKE_DETERMINE_COMPILER_ABI)"
      - "CMakeLists.txt:7 (project)"
    message: |
      Parsed C implicit link information:
        link line regex: [^( *|.*[/\\])(ld[0-9]*(\\.[a-z]+)?|link\\.exe|lld-link(\\.exe)?|CMAKE_LINK_STARTFILE-NOTFOUND|([^/\\]+-)?ld|collect2)[^/\\]*( |$)]
        linker tool regex: [^[ 	]*(->|")?[ 	]*(([^"]*[/\\])?(ld[0-9]*(\\.[a-z]+)?|link\\.exe|lld-link(\\.exe)?))("|,| |$)]
        linker tool for 'C': C:/PROGRA~1/MICROS~4/2022/COMMUN~1/VC/Tools/MSVC/1440~1.338/bin/Hostx64/x64/link.exe
        implicit libs: []
        implicit objs: []
        implicit dirs: []
        implicit fwks: []
      
      
  -
    kind: "message-v1"
    backtrace:
      - "C:/Program Files/CMake/share/cmake-3.30/Modules/Internal/CMakeDetermineLinkerId.cmake:40 (message)"
      - "C:/Program Files/CMake/share/cmake-3.30/Modules/CMakeDetermineCompilerABI.cmake:255 (cmake_determine_linker_id)"
      - "C:/Program Files/CMake/share/cmake-3.30/Modules/CMakeTestCCompiler.cmake:26 (CMAKE_DETERMINE_COMPILER_ABI)"
      - "CMakeLists.txt:7 (project)"
    message: |
      Running the C compiler's linker: "C:/PROGRA~1/MICROS~4/2022/COMMUN~1/VC/Tools/MSVC/1440~1.338/bin/Hostx64/x64/link.exe" "-v"
      Microsoft (R) Incremental Linker Version 14.40.33813.0
      Copyright (C) Microsoft Corporation.  All rights reserved.
  -
    kind: "try_compile-v1"
    backtrace:
      - "C:/Program Files/CMake/share/cmake-3.30/Modules/CheckIncludeFile.cmake:90 (try_compile)"
      - "C:/Program Files/CMake/share/cmake-3.30/Modules/CheckTypeSize.cmake:251 (check_include_file)"
      - "CMakeLists.txt:460 (check_type_size)"
    checks:
      - "Looking for sys/types.h"
    directories:
      source: "D:/lenky_jpegli/vcpkg/buildtrees/libjpeg-turbo/x64-windows-rel/CMakeFiles/CMakeScratch/TryCompile-y5n2u4"
      binary: "D:/lenky_jpegli/vcpkg/buildtrees/libjpeg-turbo/x64-windows-rel/CMakeFiles/CMakeScratch/TryCompile-y5n2u4"
    cmakeVariables:
      CMAKE_C_FLAGS: " /nologo /DWIN32 /D_WINDOWS /utf-8 /MP "
      CMAKE_C_FLAGS_DEBUG: "/D_DEBUG /MDd /Z7 /Ob0 /Od /RTC1 "
      CMAKE_EXE_LINKER_FLAGS: "/machine:x64"
      CMAKE_MSVC_DEBUG_INFORMATION_FORMAT: ""
      CMAKE_MSVC_RUNTIME_LIBRARY: "MultiThreaded$<$<CONFIG:Debug>:Debug>$<$<STREQUAL:dynamic,dynamic>:DLL>"
      VCPKG_CHAINLOAD_TOOLCHAIN_FILE: "D:/lenky_jpegli/vcpkg/scripts/toolchains/windows.cmake"
      VCPKG_CRT_LINKAGE: "dynamic"
      VCPKG_CXX_FLAGS: ""
      VCPKG_CXX_FLAGS_DEBUG: ""
      VCPKG_CXX_FLAGS_RELEASE: ""
      VCPKG_C_FLAGS: ""
      VCPKG_C_FLAGS_DEBUG: ""
      VCPKG_C_FLAGS_RELEASE: ""
      VCPKG_INSTALLED_DIR: "D:/lenky_jpegli/vcpkg/installed"
      VCPKG_LINKER_FLAGS: ""
      VCPKG_LINKER_FLAGS_DEBUG: ""
      VCPKG_LINKER_FLAGS_RELEASE: ""
      VCPKG_PLATFORM_TOOLSET: "v143"
      VCPKG_PREFER_SYSTEM_LIBS: "OFF"
      VCPKG_SET_CHARSET_FLAG: "ON"
      VCPKG_TARGET_ARCHITECTURE: "x64"
      VCPKG_TARGET_TRIPLET: "x64-windows"
      Z_VCPKG_ROOT_DIR: "D:/lenky_jpegli/vcpkg"
    buildResult:
      variable: "HAVE_SYS_TYPES_H"
      cached: true
      stdout: |
        Change Dir: 'D:/lenky_jpegli/vcpkg/buildtrees/libjpeg-turbo/x64-windows-rel/CMakeFiles/CMakeScratch/TryCompile-y5n2u4'
        
        Run Build Command(s): "C:/Program Files/Microsoft Visual Studio/2022/Community/Common7/IDE/CommonExtensions/Microsoft/CMake/Ninja/ninja.exe" -v cmTC_a87c7
        [1/2] C:\\PROGRA~1\\MICROS~4\\2022\\COMMUN~1\\VC\\Tools\\MSVC\\1440~1.338\\bin\\Hostx64\\x64\\cl.exe  /nologo   /nologo /DWIN32 /D_WINDOWS /utf-8 /MP   /D_DEBUG /MDd /Z7 /Ob0 /Od /RTC1  -MDd /showIncludes /FoCMakeFiles\\cmTC_a87c7.dir\\CheckIncludeFile.c.obj /FdCMakeFiles\\cmTC_a87c7.dir\\ /FS -c D:\\lenky_jpegli\\vcpkg\\buildtrees\\libjpeg-turbo\\x64-windows-rel\\CMakeFiles\\CMakeScratch\\TryCompile-y5n2u4\\CheckIncludeFile.c
        [2/2] C:\\WINDOWS\\system32\\cmd.exe /C "cd . && "C:\\Program Files\\CMake\\bin\\cmake.exe" -E vs_link_exe --intdir=CMakeFiles\\cmTC_a87c7.dir --rc=C:\\PROGRA~2\\WI3CF2~1\\10\\bin\\100226~1.0\\x64\\rc.exe --mt=C:\\PROGRA~2\\WI3CF2~1\\10\\bin\\100226~1.0\\x64\\mt.exe --manifests  -- C:\\PROGRA~1\\MICROS~4\\2022\\COMMUN~1\\VC\\Tools\\MSVC\\1440~1.338\\bin\\Hostx64\\x64\\link.exe /nologo CMakeFiles\\cmTC_a87c7.dir\\CheckIncludeFile.c.obj  /out:cmTC_a87c7.exe /implib:cmTC_a87c7.lib /pdb:cmTC_a87c7.pdb /version:0.0 /machine:x64  /nologo    /debug /INCREMENTAL /subsystem:console  kernel32.lib user32.lib gdi32.lib winspool.lib shell32.lib ole32.lib oleaut32.lib uuid.lib comdlg32.lib advapi32.lib && cd ."
        
      exitCode: 0
  -
    kind: "try_compile-v1"
    backtrace:
      - "C:/Program Files/CMake/share/cmake-3.30/Modules/CheckIncludeFile.cmake:90 (try_compile)"
      - "C:/Program Files/CMake/share/cmake-3.30/Modules/CheckTypeSize.cmake:252 (check_include_file)"
      - "CMakeLists.txt:460 (check_type_size)"
    checks:
      - "Looking for stdint.h"
    directories:
      source: "D:/lenky_jpegli/vcpkg/buildtrees/libjpeg-turbo/x64-windows-rel/CMakeFiles/CMakeScratch/TryCompile-0i3cwk"
      binary: "D:/lenky_jpegli/vcpkg/buildtrees/libjpeg-turbo/x64-windows-rel/CMakeFiles/CMakeScratch/TryCompile-0i3cwk"
    cmakeVariables:
      CMAKE_C_FLAGS: " /nologo /DWIN32 /D_WINDOWS /utf-8 /MP "
      CMAKE_C_FLAGS_DEBUG: "/D_DEBUG /MDd /Z7 /Ob0 /Od /RTC1 "
      CMAKE_EXE_LINKER_FLAGS: "/machine:x64"
      CMAKE_MSVC_DEBUG_INFORMATION_FORMAT: ""
      CMAKE_MSVC_RUNTIME_LIBRARY: "MultiThreaded$<$<CONFIG:Debug>:Debug>$<$<STREQUAL:dynamic,dynamic>:DLL>"
      VCPKG_CHAINLOAD_TOOLCHAIN_FILE: "D:/lenky_jpegli/vcpkg/scripts/toolchains/windows.cmake"
      VCPKG_CRT_LINKAGE: "dynamic"
      VCPKG_CXX_FLAGS: ""
      VCPKG_CXX_FLAGS_DEBUG: ""
      VCPKG_CXX_FLAGS_RELEASE: ""
      VCPKG_C_FLAGS: ""
      VCPKG_C_FLAGS_DEBUG: ""
      VCPKG_C_FLAGS_RELEASE: ""
      VCPKG_INSTALLED_DIR: "D:/lenky_jpegli/vcpkg/installed"
      VCPKG_LINKER_FLAGS: ""
      VCPKG_LINKER_FLAGS_DEBUG: ""
      VCPKG_LINKER_FLAGS_RELEASE: ""
      VCPKG_PLATFORM_TOOLSET: "v143"
      VCPKG_PREFER_SYSTEM_LIBS: "OFF"
      VCPKG_SET_CHARSET_FLAG: "ON"
      VCPKG_TARGET_ARCHITECTURE: "x64"
      VCPKG_TARGET_TRIPLET: "x64-windows"
      Z_VCPKG_ROOT_DIR: "D:/lenky_jpegli/vcpkg"
    buildResult:
      variable: "HAVE_STDINT_H"
      cached: true
      stdout: |
        Change Dir: 'D:/lenky_jpegli/vcpkg/buildtrees/libjpeg-turbo/x64-windows-rel/CMakeFiles/CMakeScratch/TryCompile-0i3cwk'
        
        Run Build Command(s): "C:/Program Files/Microsoft Visual Studio/2022/Community/Common7/IDE/CommonExtensions/Microsoft/CMake/Ninja/ninja.exe" -v cmTC_4ebd0
        [1/2] C:\\PROGRA~1\\MICROS~4\\2022\\COMMUN~1\\VC\\Tools\\MSVC\\1440~1.338\\bin\\Hostx64\\x64\\cl.exe  /nologo   /nologo /DWIN32 /D_WINDOWS /utf-8 /MP   /D_DEBUG /MDd /Z7 /Ob0 /Od /RTC1  -MDd /showIncludes /FoCMakeFiles\\cmTC_4ebd0.dir\\CheckIncludeFile.c.obj /FdCMakeFiles\\cmTC_4ebd0.dir\\ /FS -c D:\\lenky_jpegli\\vcpkg\\buildtrees\\libjpeg-turbo\\x64-windows-rel\\CMakeFiles\\CMakeScratch\\TryCompile-0i3cwk\\CheckIncludeFile.c
        [2/2] C:\\WINDOWS\\system32\\cmd.exe /C "cd . && "C:\\Program Files\\CMake\\bin\\cmake.exe" -E vs_link_exe --intdir=CMakeFiles\\cmTC_4ebd0.dir --rc=C:\\PROGRA~2\\WI3CF2~1\\10\\bin\\100226~1.0\\x64\\rc.exe --mt=C:\\PROGRA~2\\WI3CF2~1\\10\\bin\\100226~1.0\\x64\\mt.exe --manifests  -- C:\\PROGRA~1\\MICROS~4\\2022\\COMMUN~1\\VC\\Tools\\MSVC\\1440~1.338\\bin\\Hostx64\\x64\\link.exe /nologo CMakeFiles\\cmTC_4ebd0.dir\\CheckIncludeFile.c.obj  /out:cmTC_4ebd0.exe /implib:cmTC_4ebd0.lib /pdb:cmTC_4ebd0.pdb /version:0.0 /machine:x64  /nologo    /debug /INCREMENTAL /subsystem:console  kernel32.lib user32.lib gdi32.lib winspool.lib shell32.lib ole32.lib oleaut32.lib uuid.lib comdlg32.lib advapi32.lib && cd ."
        
      exitCode: 0
  -
    kind: "try_compile-v1"
    backtrace:
      - "C:/Program Files/CMake/share/cmake-3.30/Modules/CheckIncludeFile.cmake:90 (try_compile)"
      - "C:/Program Files/CMake/share/cmake-3.30/Modules/CheckTypeSize.cmake:253 (check_include_file)"
      - "CMakeLists.txt:460 (check_type_size)"
    checks:
      - "Looking for stddef.h"
    directories:
      source: "D:/lenky_jpegli/vcpkg/buildtrees/libjpeg-turbo/x64-windows-rel/CMakeFiles/CMakeScratch/TryCompile-hm5938"
      binary: "D:/lenky_jpegli/vcpkg/buildtrees/libjpeg-turbo/x64-windows-rel/CMakeFiles/CMakeScratch/TryCompile-hm5938"
    cmakeVariables:
      CMAKE_C_FLAGS: " /nologo /DWIN32 /D_WINDOWS /utf-8 /MP "
      CMAKE_C_FLAGS_DEBUG: "/D_DEBUG /MDd /Z7 /Ob0 /Od /RTC1 "
      CMAKE_EXE_LINKER_FLAGS: "/machine:x64"
      CMAKE_MSVC_DEBUG_INFORMATION_FORMAT: ""
      CMAKE_MSVC_RUNTIME_LIBRARY: "MultiThreaded$<$<CONFIG:Debug>:Debug>$<$<STREQUAL:dynamic,dynamic>:DLL>"
      VCPKG_CHAINLOAD_TOOLCHAIN_FILE: "D:/lenky_jpegli/vcpkg/scripts/toolchains/windows.cmake"
      VCPKG_CRT_LINKAGE: "dynamic"
      VCPKG_CXX_FLAGS: ""
      VCPKG_CXX_FLAGS_DEBUG: ""
      VCPKG_CXX_FLAGS_RELEASE: ""
      VCPKG_C_FLAGS: ""
      VCPKG_C_FLAGS_DEBUG: ""
      VCPKG_C_FLAGS_RELEASE: ""
      VCPKG_INSTALLED_DIR: "D:/lenky_jpegli/vcpkg/installed"
      VCPKG_LINKER_FLAGS: ""
      VCPKG_LINKER_FLAGS_DEBUG: ""
      VCPKG_LINKER_FLAGS_RELEASE: ""
      VCPKG_PLATFORM_TOOLSET: "v143"
      VCPKG_PREFER_SYSTEM_LIBS: "OFF"
      VCPKG_SET_CHARSET_FLAG: "ON"
      VCPKG_TARGET_ARCHITECTURE: "x64"
      VCPKG_TARGET_TRIPLET: "x64-windows"
      Z_VCPKG_ROOT_DIR: "D:/lenky_jpegli/vcpkg"
    buildResult:
      variable: "HAVE_STDDEF_H"
      cached: true
      stdout: |
        Change Dir: 'D:/lenky_jpegli/vcpkg/buildtrees/libjpeg-turbo/x64-windows-rel/CMakeFiles/CMakeScratch/TryCompile-hm5938'
        
        Run Build Command(s): "C:/Program Files/Microsoft Visual Studio/2022/Community/Common7/IDE/CommonExtensions/Microsoft/CMake/Ninja/ninja.exe" -v cmTC_68c8b
        [1/2] C:\\PROGRA~1\\MICROS~4\\2022\\COMMUN~1\\VC\\Tools\\MSVC\\1440~1.338\\bin\\Hostx64\\x64\\cl.exe  /nologo   /nologo /DWIN32 /D_WINDOWS /utf-8 /MP   /D_DEBUG /MDd /Z7 /Ob0 /Od /RTC1  -MDd /showIncludes /FoCMakeFiles\\cmTC_68c8b.dir\\CheckIncludeFile.c.obj /FdCMakeFiles\\cmTC_68c8b.dir\\ /FS -c D:\\lenky_jpegli\\vcpkg\\buildtrees\\libjpeg-turbo\\x64-windows-rel\\CMakeFiles\\CMakeScratch\\TryCompile-hm5938\\CheckIncludeFile.c
        [2/2] C:\\WINDOWS\\system32\\cmd.exe /C "cd . && "C:\\Program Files\\CMake\\bin\\cmake.exe" -E vs_link_exe --intdir=CMakeFiles\\cmTC_68c8b.dir --rc=C:\\PROGRA~2\\WI3CF2~1\\10\\bin\\100226~1.0\\x64\\rc.exe --mt=C:\\PROGRA~2\\WI3CF2~1\\10\\bin\\100226~1.0\\x64\\mt.exe --manifests  -- C:\\PROGRA~1\\MICROS~4\\2022\\COMMUN~1\\VC\\Tools\\MSVC\\1440~1.338\\bin\\Hostx64\\x64\\link.exe /nologo CMakeFiles\\cmTC_68c8b.dir\\CheckIncludeFile.c.obj  /out:cmTC_68c8b.exe /implib:cmTC_68c8b.lib /pdb:cmTC_68c8b.pdb /version:0.0 /machine:x64  /nologo    /debug /INCREMENTAL /subsystem:console  kernel32.lib user32.lib gdi32.lib winspool.lib shell32.lib ole32.lib oleaut32.lib uuid.lib comdlg32.lib advapi32.lib && cd ."
        
      exitCode: 0
  -
    kind: "try_compile-v1"
    backtrace:
      - "C:/Program Files/CMake/share/cmake-3.30/Modules/CheckTypeSize.cmake:147 (try_compile)"
      - "C:/Program Files/CMake/share/cmake-3.30/Modules/CheckTypeSize.cmake:272 (__check_type_size_impl)"
      - "CMakeLists.txt:460 (check_type_size)"
    checks:
      - "Check size of size_t"
    directories:
      source: "D:/lenky_jpegli/vcpkg/buildtrees/libjpeg-turbo/x64-windows-rel/CMakeFiles/CMakeScratch/TryCompile-viabdv"
      binary: "D:/lenky_jpegli/vcpkg/buildtrees/libjpeg-turbo/x64-windows-rel/CMakeFiles/CMakeScratch/TryCompile-viabdv"
    cmakeVariables:
      CMAKE_C_FLAGS: " /nologo /DWIN32 /D_WINDOWS /utf-8 /MP "
      CMAKE_C_FLAGS_DEBUG: "/D_DEBUG /MDd /Z7 /Ob0 /Od /RTC1 "
      CMAKE_EXE_LINKER_FLAGS: "/machine:x64"
      CMAKE_MSVC_DEBUG_INFORMATION_FORMAT: ""
      CMAKE_MSVC_RUNTIME_LIBRARY: "MultiThreaded$<$<CONFIG:Debug>:Debug>$<$<STREQUAL:dynamic,dynamic>:DLL>"
      VCPKG_CHAINLOAD_TOOLCHAIN_FILE: "D:/lenky_jpegli/vcpkg/scripts/toolchains/windows.cmake"
      VCPKG_CRT_LINKAGE: "dynamic"
      VCPKG_CXX_FLAGS: ""
      VCPKG_CXX_FLAGS_DEBUG: ""
      VCPKG_CXX_FLAGS_RELEASE: ""
      VCPKG_C_FLAGS: ""
      VCPKG_C_FLAGS_DEBUG: ""
      VCPKG_C_FLAGS_RELEASE: ""
      VCPKG_INSTALLED_DIR: "D:/lenky_jpegli/vcpkg/installed"
      VCPKG_LINKER_FLAGS: ""
      VCPKG_LINKER_FLAGS_DEBUG: ""
      VCPKG_LINKER_FLAGS_RELEASE: ""
      VCPKG_PLATFORM_TOOLSET: "v143"
      VCPKG_PREFER_SYSTEM_LIBS: "OFF"
      VCPKG_SET_CHARSET_FLAG: "ON"
      VCPKG_TARGET_ARCHITECTURE: "x64"
      VCPKG_TARGET_TRIPLET: "x64-windows"
      Z_VCPKG_ROOT_DIR: "D:/lenky_jpegli/vcpkg"
    buildResult:
      variable: "HAVE_SIZE_T"
      cached: true
      stdout: |
        Change Dir: 'D:/lenky_jpegli/vcpkg/buildtrees/libjpeg-turbo/x64-windows-rel/CMakeFiles/CMakeScratch/TryCompile-viabdv'
        
        Run Build Command(s): "C:/Program Files/Microsoft Visual Studio/2022/Community/Common7/IDE/CommonExtensions/Microsoft/CMake/Ninja/ninja.exe" -v cmTC_fb858
        [1/2] C:\\PROGRA~1\\MICROS~4\\2022\\COMMUN~1\\VC\\Tools\\MSVC\\1440~1.338\\bin\\Hostx64\\x64\\cl.exe  /nologo   /nologo /DWIN32 /D_WINDOWS /utf-8 /MP   /D_DEBUG /MDd /Z7 /Ob0 /Od /RTC1  -MDd /showIncludes /FoCMakeFiles\\cmTC_fb858.dir\\SIZE_T.c.obj /FdCMakeFiles\\cmTC_fb858.dir\\ /FS -c D:\\lenky_jpegli\\vcpkg\\buildtrees\\libjpeg-turbo\\x64-windows-rel\\CMakeFiles\\CMakeScratch\\TryCompile-viabdv\\SIZE_T.c
        [2/2] C:\\WINDOWS\\system32\\cmd.exe /C "cd . && "C:\\Program Files\\CMake\\bin\\cmake.exe" -E vs_link_exe --intdir=CMakeFiles\\cmTC_fb858.dir --rc=C:\\PROGRA~2\\WI3CF2~1\\10\\bin\\100226~1.0\\x64\\rc.exe --mt=C:\\PROGRA~2\\WI3CF2~1\\10\\bin\\100226~1.0\\x64\\mt.exe --manifests  -- C:\\PROGRA~1\\MICROS~4\\2022\\COMMUN~1\\VC\\Tools\\MSVC\\1440~1.338\\bin\\Hostx64\\x64\\link.exe /nologo CMakeFiles\\cmTC_fb858.dir\\SIZE_T.c.obj  /out:cmTC_fb858.exe /implib:cmTC_fb858.lib /pdb:cmTC_fb858.pdb /version:0.0 /machine:x64  /nologo    /debug /INCREMENTAL /subsystem:console  kernel32.lib user32.lib gdi32.lib winspool.lib shell32.lib ole32.lib oleaut32.lib uuid.lib comdlg32.lib advapi32.lib && cd ."
        
      exitCode: 0
  -
    kind: "try_compile-v1"
    backtrace:
      - "C:/Program Files/CMake/share/cmake-3.30/Modules/CheckTypeSize.cmake:147 (try_compile)"
      - "C:/Program Files/CMake/share/cmake-3.30/Modules/CheckTypeSize.cmake:272 (__check_type_size_impl)"
      - "CMakeLists.txt:461 (check_type_size)"
    checks:
      - "Check size of unsigned long"
    directories:
      source: "D:/lenky_jpegli/vcpkg/buildtrees/libjpeg-turbo/x64-windows-rel/CMakeFiles/CMakeScratch/TryCompile-ifqkeh"
      binary: "D:/lenky_jpegli/vcpkg/buildtrees/libjpeg-turbo/x64-windows-rel/CMakeFiles/CMakeScratch/TryCompile-ifqkeh"
    cmakeVariables:
      CMAKE_C_FLAGS: " /nologo /DWIN32 /D_WINDOWS /utf-8 /MP "
      CMAKE_C_FLAGS_DEBUG: "/D_DEBUG /MDd /Z7 /Ob0 /Od /RTC1 "
      CMAKE_EXE_LINKER_FLAGS: "/machine:x64"
      CMAKE_MSVC_DEBUG_INFORMATION_FORMAT: ""
      CMAKE_MSVC_RUNTIME_LIBRARY: "MultiThreaded$<$<CONFIG:Debug>:Debug>$<$<STREQUAL:dynamic,dynamic>:DLL>"
      VCPKG_CHAINLOAD_TOOLCHAIN_FILE: "D:/lenky_jpegli/vcpkg/scripts/toolchains/windows.cmake"
      VCPKG_CRT_LINKAGE: "dynamic"
      VCPKG_CXX_FLAGS: ""
      VCPKG_CXX_FLAGS_DEBUG: ""
      VCPKG_CXX_FLAGS_RELEASE: ""
      VCPKG_C_FLAGS: ""
      VCPKG_C_FLAGS_DEBUG: ""
      VCPKG_C_FLAGS_RELEASE: ""
      VCPKG_INSTALLED_DIR: "D:/lenky_jpegli/vcpkg/installed"
      VCPKG_LINKER_FLAGS: ""
      VCPKG_LINKER_FLAGS_DEBUG: ""
      VCPKG_LINKER_FLAGS_RELEASE: ""
      VCPKG_PLATFORM_TOOLSET: "v143"
      VCPKG_PREFER_SYSTEM_LIBS: "OFF"
      VCPKG_SET_CHARSET_FLAG: "ON"
      VCPKG_TARGET_ARCHITECTURE: "x64"
      VCPKG_TARGET_TRIPLET: "x64-windows"
      Z_VCPKG_ROOT_DIR: "D:/lenky_jpegli/vcpkg"
    buildResult:
      variable: "HAVE_UNSIGNED_LONG"
      cached: true
      stdout: |
        Change Dir: 'D:/lenky_jpegli/vcpkg/buildtrees/libjpeg-turbo/x64-windows-rel/CMakeFiles/CMakeScratch/TryCompile-ifqkeh'
        
        Run Build Command(s): "C:/Program Files/Microsoft Visual Studio/2022/Community/Common7/IDE/CommonExtensions/Microsoft/CMake/Ninja/ninja.exe" -v cmTC_1b4a1
        [1/2] C:\\PROGRA~1\\MICROS~4\\2022\\COMMUN~1\\VC\\Tools\\MSVC\\1440~1.338\\bin\\Hostx64\\x64\\cl.exe  /nologo   /nologo /DWIN32 /D_WINDOWS /utf-8 /MP   /D_DEBUG /MDd /Z7 /Ob0 /Od /RTC1  -MDd /showIncludes /FoCMakeFiles\\cmTC_1b4a1.dir\\UNSIGNED_LONG.c.obj /FdCMakeFiles\\cmTC_1b4a1.dir\\ /FS -c D:\\lenky_jpegli\\vcpkg\\buildtrees\\libjpeg-turbo\\x64-windows-rel\\CMakeFiles\\CMakeScratch\\TryCompile-ifqkeh\\UNSIGNED_LONG.c
        [2/2] C:\\WINDOWS\\system32\\cmd.exe /C "cd . && "C:\\Program Files\\CMake\\bin\\cmake.exe" -E vs_link_exe --intdir=CMakeFiles\\cmTC_1b4a1.dir --rc=C:\\PROGRA~2\\WI3CF2~1\\10\\bin\\100226~1.0\\x64\\rc.exe --mt=C:\\PROGRA~2\\WI3CF2~1\\10\\bin\\100226~1.0\\x64\\mt.exe --manifests  -- C:\\PROGRA~1\\MICROS~4\\2022\\COMMUN~1\\VC\\Tools\\MSVC\\1440~1.338\\bin\\Hostx64\\x64\\link.exe /nologo CMakeFiles\\cmTC_1b4a1.dir\\UNSIGNED_LONG.c.obj  /out:cmTC_1b4a1.exe /implib:cmTC_1b4a1.lib /pdb:cmTC_1b4a1.pdb /version:0.0 /machine:x64  /nologo    /debug /INCREMENTAL /subsystem:console  kernel32.lib user32.lib gdi32.lib winspool.lib shell32.lib ole32.lib oleaut32.lib uuid.lib comdlg32.lib advapi32.lib && cd ."
        
      exitCode: 0
  -
    kind: "try_compile-v1"
    backtrace:
      - "C:/Program Files/CMake/share/cmake-3.30/Modules/CheckIncludeFiles.cmake:132 (try_compile)"
      - "CMakeLists.txt:468 (check_include_files)"
    checks:
      - "Looking for include file intrin.h"
    directories:
      source: "D:/lenky_jpegli/vcpkg/buildtrees/libjpeg-turbo/x64-windows-rel/CMakeFiles/CMakeScratch/TryCompile-am8j95"
      binary: "D:/lenky_jpegli/vcpkg/buildtrees/libjpeg-turbo/x64-windows-rel/CMakeFiles/CMakeScratch/TryCompile-am8j95"
    cmakeVariables:
      CMAKE_C_FLAGS: " /nologo /DWIN32 /D_WINDOWS /utf-8 /MP "
      CMAKE_C_FLAGS_DEBUG: "/D_DEBUG /MDd /Z7 /Ob0 /Od /RTC1 "
      CMAKE_EXE_LINKER_FLAGS: "/machine:x64"
      CMAKE_MSVC_DEBUG_INFORMATION_FORMAT: ""
      CMAKE_MSVC_RUNTIME_LIBRARY: "MultiThreaded$<$<CONFIG:Debug>:Debug>$<$<STREQUAL:dynamic,dynamic>:DLL>"
      VCPKG_CHAINLOAD_TOOLCHAIN_FILE: "D:/lenky_jpegli/vcpkg/scripts/toolchains/windows.cmake"
      VCPKG_CRT_LINKAGE: "dynamic"
      VCPKG_CXX_FLAGS: ""
      VCPKG_CXX_FLAGS_DEBUG: ""
      VCPKG_CXX_FLAGS_RELEASE: ""
      VCPKG_C_FLAGS: ""
      VCPKG_C_FLAGS_DEBUG: ""
      VCPKG_C_FLAGS_RELEASE: ""
      VCPKG_INSTALLED_DIR: "D:/lenky_jpegli/vcpkg/installed"
      VCPKG_LINKER_FLAGS: ""
      VCPKG_LINKER_FLAGS_DEBUG: ""
      VCPKG_LINKER_FLAGS_RELEASE: ""
      VCPKG_PLATFORM_TOOLSET: "v143"
      VCPKG_PREFER_SYSTEM_LIBS: "OFF"
      VCPKG_SET_CHARSET_FLAG: "ON"
      VCPKG_TARGET_ARCHITECTURE: "x64"
      VCPKG_TARGET_TRIPLET: "x64-windows"
      Z_VCPKG_ROOT_DIR: "D:/lenky_jpegli/vcpkg"
    buildResult:
      variable: "HAVE_INTRIN_H"
      cached: true
      stdout: |
        Change Dir: 'D:/lenky_jpegli/vcpkg/buildtrees/libjpeg-turbo/x64-windows-rel/CMakeFiles/CMakeScratch/TryCompile-am8j95'
        
        Run Build Command(s): "C:/Program Files/Microsoft Visual Studio/2022/Community/Common7/IDE/CommonExtensions/Microsoft/CMake/Ninja/ninja.exe" -v cmTC_9ebf0
        [1/2] C:\\PROGRA~1\\MICROS~4\\2022\\COMMUN~1\\VC\\Tools\\MSVC\\1440~1.338\\bin\\Hostx64\\x64\\cl.exe  /nologo   /nologo /DWIN32 /D_WINDOWS /utf-8 /MP   /D_DEBUG /MDd /Z7 /Ob0 /Od /RTC1  -MDd /showIncludes /FoCMakeFiles\\cmTC_9ebf0.dir\\HAVE_INTRIN_H.c.obj /FdCMakeFiles\\cmTC_9ebf0.dir\\ /FS -c D:\\lenky_jpegli\\vcpkg\\buildtrees\\libjpeg-turbo\\x64-windows-rel\\CMakeFiles\\CMakeScratch\\TryCompile-am8j95\\HAVE_INTRIN_H.c
        [2/2] C:\\WINDOWS\\system32\\cmd.exe /C "cd . && "C:\\Program Files\\CMake\\bin\\cmake.exe" -E vs_link_exe --intdir=CMakeFiles\\cmTC_9ebf0.dir --rc=C:\\PROGRA~2\\WI3CF2~1\\10\\bin\\100226~1.0\\x64\\rc.exe --mt=C:\\PROGRA~2\\WI3CF2~1\\10\\bin\\100226~1.0\\x64\\mt.exe --manifests  -- C:\\PROGRA~1\\MICROS~4\\2022\\COMMUN~1\\VC\\Tools\\MSVC\\1440~1.338\\bin\\Hostx64\\x64\\link.exe /nologo CMakeFiles\\cmTC_9ebf0.dir\\HAVE_INTRIN_H.c.obj  /out:cmTC_9ebf0.exe /implib:cmTC_9ebf0.lib /pdb:cmTC_9ebf0.pdb /version:0.0 /machine:x64  /nologo    /debug /INCREMENTAL /subsystem:console  kernel32.lib user32.lib gdi32.lib winspool.lib shell32.lib ole32.lib oleaut32.lib uuid.lib comdlg32.lib advapi32.lib && cd ."
        
      exitCode: 0
  -
    kind: "try_compile-v1"
    backtrace:
      - "C:/Program Files/CMake/share/cmake-3.30/Modules/Internal/CheckSourceCompiles.cmake:101 (try_compile)"
      - "C:/Program Files/CMake/share/cmake-3.30/Modules/CheckCSourceCompiles.cmake:52 (cmake_check_source_compiles)"
      - "CMakeLists.txt:523 (check_c_source_compiles)"
    checks:
      - "Performing Test INLINE_WORKS"
    directories:
      source: "D:/lenky_jpegli/vcpkg/buildtrees/libjpeg-turbo/x64-windows-rel/CMakeFiles/CMakeScratch/TryCompile-jng62y"
      binary: "D:/lenky_jpegli/vcpkg/buildtrees/libjpeg-turbo/x64-windows-rel/CMakeFiles/CMakeScratch/TryCompile-jng62y"
    cmakeVariables:
      CMAKE_C_FLAGS: " /nologo /DWIN32 /D_WINDOWS /utf-8 /MP "
      CMAKE_C_FLAGS_DEBUG: "/D_DEBUG /MDd /Z7 /Ob0 /Od /RTC1 "
      CMAKE_EXE_LINKER_FLAGS: "/machine:x64"
      CMAKE_MSVC_DEBUG_INFORMATION_FORMAT: ""
      CMAKE_MSVC_RUNTIME_LIBRARY: "MultiThreaded$<$<CONFIG:Debug>:Debug>$<$<STREQUAL:dynamic,dynamic>:DLL>"
      VCPKG_CHAINLOAD_TOOLCHAIN_FILE: "D:/lenky_jpegli/vcpkg/scripts/toolchains/windows.cmake"
      VCPKG_CRT_LINKAGE: "dynamic"
      VCPKG_CXX_FLAGS: ""
      VCPKG_CXX_FLAGS_DEBUG: ""
      VCPKG_CXX_FLAGS_RELEASE: ""
      VCPKG_C_FLAGS: ""
      VCPKG_C_FLAGS_DEBUG: ""
      VCPKG_C_FLAGS_RELEASE: ""
      VCPKG_INSTALLED_DIR: "D:/lenky_jpegli/vcpkg/installed"
      VCPKG_LINKER_FLAGS: ""
      VCPKG_LINKER_FLAGS_DEBUG: ""
      VCPKG_LINKER_FLAGS_RELEASE: ""
      VCPKG_PLATFORM_TOOLSET: "v143"
      VCPKG_PREFER_SYSTEM_LIBS: "OFF"
      VCPKG_SET_CHARSET_FLAG: "ON"
      VCPKG_TARGET_ARCHITECTURE: "x64"
      VCPKG_TARGET_TRIPLET: "x64-windows"
      Z_VCPKG_ROOT_DIR: "D:/lenky_jpegli/vcpkg"
    buildResult:
      variable: "INLINE_WORKS"
      cached: true
      stdout: |
        Change Dir: 'D:/lenky_jpegli/vcpkg/buildtrees/libjpeg-turbo/x64-windows-rel/CMakeFiles/CMakeScratch/TryCompile-jng62y'
        
        Run Build Command(s): "C:/Program Files/Microsoft Visual Studio/2022/Community/Common7/IDE/CommonExtensions/Microsoft/CMake/Ninja/ninja.exe" -v cmTC_ea6a1
        [1/2] C:\\PROGRA~1\\MICROS~4\\2022\\COMMUN~1\\VC\\Tools\\MSVC\\1440~1.338\\bin\\Hostx64\\x64\\cl.exe  /nologo -DINLINE_WORKS  /nologo /DWIN32 /D_WINDOWS /utf-8 /MP   /D_DEBUG /MDd /Z7 /Ob0 /Od /RTC1  -MDd /showIncludes /FoCMakeFiles\\cmTC_ea6a1.dir\\src.c.obj /FdCMakeFiles\\cmTC_ea6a1.dir\\ /FS -c D:\\lenky_jpegli\\vcpkg\\buildtrees\\libjpeg-turbo\\x64-windows-rel\\CMakeFiles\\CMakeScratch\\TryCompile-jng62y\\src.c
        [2/2] C:\\WINDOWS\\system32\\cmd.exe /C "cd . && "C:\\Program Files\\CMake\\bin\\cmake.exe" -E vs_link_exe --intdir=CMakeFiles\\cmTC_ea6a1.dir --rc=C:\\PROGRA~2\\WI3CF2~1\\10\\bin\\100226~1.0\\x64\\rc.exe --mt=C:\\PROGRA~2\\WI3CF2~1\\10\\bin\\100226~1.0\\x64\\mt.exe --manifests  -- C:\\PROGRA~1\\MICROS~4\\2022\\COMMUN~1\\VC\\Tools\\MSVC\\1440~1.338\\bin\\Hostx64\\x64\\link.exe /nologo CMakeFiles\\cmTC_ea6a1.dir\\src.c.obj  /out:cmTC_ea6a1.exe /implib:cmTC_ea6a1.lib /pdb:cmTC_ea6a1.pdb /version:0.0 /machine:x64  /nologo    /debug /INCREMENTAL /subsystem:console  kernel32.lib user32.lib gdi32.lib winspool.lib shell32.lib ole32.lib oleaut32.lib uuid.lib comdlg32.lib advapi32.lib && cd ."
        
      exitCode: 0
  -
    kind: "try_compile-v1"
    backtrace:
      - "C:/Program Files/CMake/share/cmake-3.30/Modules/Internal/CheckSourceCompiles.cmake:101 (try_compile)"
      - "C:/Program Files/CMake/share/cmake-3.30/Modules/CheckCSourceCompiles.cmake:52 (cmake_check_source_compiles)"
      - "CMakeLists.txt:540 (check_c_source_compiles)"
    checks:
      - "Performing Test HAVE_THREAD_LOCAL"
    directories:
      source: "D:/lenky_jpegli/vcpkg/buildtrees/libjpeg-turbo/x64-windows-rel/CMakeFiles/CMakeScratch/TryCompile-xwm9s5"
      binary: "D:/lenky_jpegli/vcpkg/buildtrees/libjpeg-turbo/x64-windows-rel/CMakeFiles/CMakeScratch/TryCompile-xwm9s5"
    cmakeVariables:
      CMAKE_C_FLAGS: " /nologo /DWIN32 /D_WINDOWS /utf-8 /MP "
      CMAKE_C_FLAGS_DEBUG: "/D_DEBUG /MDd /Z7 /Ob0 /Od /RTC1 "
      CMAKE_EXE_LINKER_FLAGS: "/machine:x64"
      CMAKE_MSVC_DEBUG_INFORMATION_FORMAT: ""
      CMAKE_MSVC_RUNTIME_LIBRARY: "MultiThreaded$<$<CONFIG:Debug>:Debug>$<$<STREQUAL:dynamic,dynamic>:DLL>"
      VCPKG_CHAINLOAD_TOOLCHAIN_FILE: "D:/lenky_jpegli/vcpkg/scripts/toolchains/windows.cmake"
      VCPKG_CRT_LINKAGE: "dynamic"
      VCPKG_CXX_FLAGS: ""
      VCPKG_CXX_FLAGS_DEBUG: ""
      VCPKG_CXX_FLAGS_RELEASE: ""
      VCPKG_C_FLAGS: ""
      VCPKG_C_FLAGS_DEBUG: ""
      VCPKG_C_FLAGS_RELEASE: ""
      VCPKG_INSTALLED_DIR: "D:/lenky_jpegli/vcpkg/installed"
      VCPKG_LINKER_FLAGS: ""
      VCPKG_LINKER_FLAGS_DEBUG: ""
      VCPKG_LINKER_FLAGS_RELEASE: ""
      VCPKG_PLATFORM_TOOLSET: "v143"
      VCPKG_PREFER_SYSTEM_LIBS: "OFF"
      VCPKG_SET_CHARSET_FLAG: "ON"
      VCPKG_TARGET_ARCHITECTURE: "x64"
      VCPKG_TARGET_TRIPLET: "x64-windows"
      Z_VCPKG_ROOT_DIR: "D:/lenky_jpegli/vcpkg"
    buildResult:
      variable: "HAVE_THREAD_LOCAL"
      cached: true
      stdout: |
        Change Dir: 'D:/lenky_jpegli/vcpkg/buildtrees/libjpeg-turbo/x64-windows-rel/CMakeFiles/CMakeScratch/TryCompile-xwm9s5'
        
        Run Build Command(s): "C:/Program Files/Microsoft Visual Studio/2022/Community/Common7/IDE/CommonExtensions/Microsoft/CMake/Ninja/ninja.exe" -v cmTC_97d31
        [1/2] C:\\PROGRA~1\\MICROS~4\\2022\\COMMUN~1\\VC\\Tools\\MSVC\\1440~1.338\\bin\\Hostx64\\x64\\cl.exe  /nologo -DHAVE_THREAD_LOCAL  /nologo /DWIN32 /D_WINDOWS /utf-8 /MP   /D_DEBUG /MDd /Z7 /Ob0 /Od /RTC1  -MDd /showIncludes /FoCMakeFiles\\cmTC_97d31.dir\\src.c.obj /FdCMakeFiles\\cmTC_97d31.dir\\ /FS -c D:\\lenky_jpegli\\vcpkg\\buildtrees\\libjpeg-turbo\\x64-windows-rel\\CMakeFiles\\CMakeScratch\\TryCompile-xwm9s5\\src.c
        [2/2] C:\\WINDOWS\\system32\\cmd.exe /C "cd . && "C:\\Program Files\\CMake\\bin\\cmake.exe" -E vs_link_exe --intdir=CMakeFiles\\cmTC_97d31.dir --rc=C:\\PROGRA~2\\WI3CF2~1\\10\\bin\\100226~1.0\\x64\\rc.exe --mt=C:\\PROGRA~2\\WI3CF2~1\\10\\bin\\100226~1.0\\x64\\mt.exe --manifests  -- C:\\PROGRA~1\\MICROS~4\\2022\\COMMUN~1\\VC\\Tools\\MSVC\\1440~1.338\\bin\\Hostx64\\x64\\link.exe /nologo CMakeFiles\\cmTC_97d31.dir\\src.c.obj  /out:cmTC_97d31.exe /implib:cmTC_97d31.lib /pdb:cmTC_97d31.pdb /version:0.0 /machine:x64  /nologo    /debug /INCREMENTAL /subsystem:console  kernel32.lib user32.lib gdi32.lib winspool.lib shell32.lib ole32.lib oleaut32.lib uuid.lib comdlg32.lib advapi32.lib && cd ."
        
      exitCode: 0
  -
    kind: "message-v1"
    backtrace:
      - "C:/Program Files/CMake/share/cmake-3.30/Modules/CheckLanguage.cmake:133 (message)"
      - "simd/CMakeLists.txt:46 (check_language)"
    checks:
      - "Looking for a ASM_NASM compiler"
    message: |
      Looking for a ASM_NASM compiler passed with the following output:
      -- The ASM_NASM compiler identification is NASM
      -- Found assembler: D:/lenky_jpegli/vcpkg/downloads/tools/nasm/nasm-2.16.03/nasm.exe
      -- Configuring done (0.5s)
      -- Generating done (0.0s)
      -- Build files have been written to: D:/lenky_jpegli/vcpkg/buildtrees/libjpeg-turbo/x64-windows-rel/simd/CMakeFiles/CheckASM_NASM
      
  -
    kind: "message-v1"
    backtrace:
      - "C:/Program Files/CMake/share/cmake-3.30/Modules/CMakeDetermineCompilerId.cmake:1205 (message)"
      - "C:/Program Files/CMake/share/cmake-3.30/Modules/CMakeDetermineASMCompiler.cmake:135 (CMAKE_DETERMINE_COMPILER_ID_VENDOR)"
      - "C:/Program Files/CMake/share/cmake-3.30/Modules/CMakeDetermineASM_NASMCompiler.cmake:29 (include)"
      - "simd/CMakeLists.txt:52 (enable_language)"
    message: |
      Checking whether the ASM_NASM compiler is GNU using "--version" did not match "(GNU assembler)|(GCC)|(Free Software Foundation)":
      NASM version 2.16.03 compiled on Apr 17 2024
  -
    kind: "message-v1"
    backtrace:
      - "C:/Program Files/CMake/share/cmake-3.30/Modules/CMakeDetermineCompilerId.cmake:1205 (message)"
      - "C:/Program Files/CMake/share/cmake-3.30/Modules/CMakeDetermineASMCompiler.cmake:135 (CMAKE_DETERMINE_COMPILER_ID_VENDOR)"
      - "C:/Program Files/CMake/share/cmake-3.30/Modules/CMakeDetermineASM_NASMCompiler.cmake:29 (include)"
      - "simd/CMakeLists.txt:52 (enable_language)"
    message: |
      Checking whether the ASM_NASM compiler is AppleClang using "--version" did not match "(Apple (clang|LLVM) version)":
      NASM version 2.16.03 compiled on Apr 17 2024
  -
    kind: "message-v1"
    backtrace:
      - "C:/Program Files/CMake/share/cmake-3.30/Modules/CMakeDetermineCompilerId.cmake:1205 (message)"
      - "C:/Program Files/CMake/share/cmake-3.30/Modules/CMakeDetermineASMCompiler.cmake:135 (CMAKE_DETERMINE_COMPILER_ID_VENDOR)"
      - "C:/Program Files/CMake/share/cmake-3.30/Modules/CMakeDetermineASM_NASMCompiler.cmake:29 (include)"
      - "simd/CMakeLists.txt:52 (enable_language)"
    message: |
      Checking whether the ASM_NASM compiler is Clang using "--version" did not match "(clang version)":
      NASM version 2.16.03 compiled on Apr 17 2024
  -
    kind: "message-v1"
    backtrace:
      - "C:/Program Files/CMake/share/cmake-3.30/Modules/CMakeDetermineCompilerId.cmake:1205 (message)"
      - "C:/Program Files/CMake/share/cmake-3.30/Modules/CMakeDetermineASMCompiler.cmake:135 (CMAKE_DETERMINE_COMPILER_ID_VENDOR)"
      - "C:/Program Files/CMake/share/cmake-3.30/Modules/CMakeDetermineASM_NASMCompiler.cmake:29 (include)"
      - "simd/CMakeLists.txt:52 (enable_language)"
    message: |
      Checking whether the ASM_NASM compiler is ARMClang using "--version" did not match "armclang":
      NASM version 2.16.03 compiled on Apr 17 2024
  -
    kind: "message-v1"
    backtrace:
      - "C:/Program Files/CMake/share/cmake-3.30/Modules/CMakeDetermineCompilerId.cmake:1205 (message)"
      - "C:/Program Files/CMake/share/cmake-3.30/Modules/CMakeDetermineASMCompiler.cmake:135 (CMAKE_DETERMINE_COMPILER_ID_VENDOR)"
      - "C:/Program Files/CMake/share/cmake-3.30/Modules/CMakeDetermineASM_NASMCompiler.cmake:29 (include)"
      - "simd/CMakeLists.txt:52 (enable_language)"
    message: |
      Checking whether the ASM_NASM compiler is OrangeC using "--version" did not match "occ \\(OrangeC\\) Version":
      NASM version 2.16.03 compiled on Apr 17 2024
  -
    kind: "message-v1"
    backtrace:
      - "C:/Program Files/CMake/share/cmake-3.30/Modules/CMakeDetermineCompilerId.cmake:1205 (message)"
      - "C:/Program Files/CMake/share/cmake-3.30/Modules/CMakeDetermineASMCompiler.cmake:135 (CMAKE_DETERMINE_COMPILER_ID_VENDOR)"
      - "C:/Program Files/CMake/share/cmake-3.30/Modules/CMakeDetermineASM_NASMCompiler.cmake:29 (include)"
      - "simd/CMakeLists.txt:52 (enable_language)"
    message: |
      Checking whether the ASM_NASM compiler is HP using "-V" did not match "HP C":
      nasm: error: unrecognised option `-V'
  -
    kind: "message-v1"
    backtrace:
      - "C:/Program Files/CMake/share/cmake-3.30/Modules/CMakeDetermineCompilerId.cmake:1205 (message)"
      - "C:/Program Files/CMake/share/cmake-3.30/Modules/CMakeDetermineASMCompiler.cmake:135 (CMAKE_DETERMINE_COMPILER_ID_VENDOR)"
      - "C:/Program Files/CMake/share/cmake-3.30/Modules/CMakeDetermineASM_NASMCompiler.cmake:29 (include)"
      - "simd/CMakeLists.txt:52 (enable_language)"
    message: |
      Checking whether the ASM_NASM compiler is Intel using "--version" did not match "(ICC)":
      NASM version 2.16.03 compiled on Apr 17 2024
  -
    kind: "message-v1"
    backtrace:
      - "C:/Program Files/CMake/share/cmake-3.30/Modules/CMakeDetermineCompilerId.cmake:1205 (message)"
      - "C:/Program Files/CMake/share/cmake-3.30/Modules/CMakeDetermineASMCompiler.cmake:135 (CMAKE_DETERMINE_COMPILER_ID_VENDOR)"
      - "C:/Program Files/CMake/share/cmake-3.30/Modules/CMakeDetermineASM_NASMCompiler.cmake:29 (include)"
      - "simd/CMakeLists.txt:52 (enable_language)"
    message: |
      Checking whether the ASM_NASM compiler is IntelLLVM using "--version" did not match "(Intel[^
      ]+oneAPI)":
      NASM version 2.16.03 compiled on Apr 17 2024
  -
    kind: "message-v1"
    backtrace:
      - "C:/Program Files/CMake/share/cmake-3.30/Modules/CMakeDetermineCompilerId.cmake:1205 (message)"
      - "C:/Program Files/CMake/share/cmake-3.30/Modules/CMakeDetermineASMCompiler.cmake:135 (CMAKE_DETERMINE_COMPILER_ID_VENDOR)"
      - "C:/Program Files/CMake/share/cmake-3.30/Modules/CMakeDetermineASM_NASMCompiler.cmake:29 (include)"
      - "simd/CMakeLists.txt:52 (enable_language)"
    message: |
      Checking whether the ASM_NASM compiler is SunPro using "-V" did not match "Sun C":
      nasm: error: unrecognised option `-V'
  -
    kind: "message-v1"
    backtrace:
      - "C:/Program Files/CMake/share/cmake-3.30/Modules/CMakeDetermineCompilerId.cmake:1205 (message)"
      - "C:/Program Files/CMake/share/cmake-3.30/Modules/CMakeDetermineASMCompiler.cmake:135 (CMAKE_DETERMINE_COMPILER_ID_VENDOR)"
      - "C:/Program Files/CMake/share/cmake-3.30/Modules/CMakeDetermineASM_NASMCompiler.cmake:29 (include)"
      - "simd/CMakeLists.txt:52 (enable_language)"
    message: |
      Checking whether the ASM_NASM compiler is XL using "-qversion" did not match "XL C":
      nasm: error: unrecognised option `-q'
  -
    kind: "message-v1"
    backtrace:
      - "C:/Program Files/CMake/share/cmake-3.30/Modules/CMakeDetermineCompilerId.cmake:1205 (message)"
      - "C:/Program Files/CMake/share/cmake-3.30/Modules/CMakeDetermineASMCompiler.cmake:135 (CMAKE_DETERMINE_COMPILER_ID_VENDOR)"
      - "C:/Program Files/CMake/share/cmake-3.30/Modules/CMakeDetermineASM_NASMCompiler.cmake:29 (include)"
      - "simd/CMakeLists.txt:52 (enable_language)"
    message: |
      Checking whether the ASM_NASM compiler is MSVC using "-?" did not match "Microsoft":
      nasm: error: unrecognised option `-?'
  -
    kind: "message-v1"
    backtrace:
      - "C:/Program Files/CMake/share/cmake-3.30/Modules/CMakeDetermineCompilerId.cmake:1205 (message)"
      - "C:/Program Files/CMake/share/cmake-3.30/Modules/CMakeDetermineASMCompiler.cmake:135 (CMAKE_DETERMINE_COMPILER_ID_VENDOR)"
      - "C:/Program Files/CMake/share/cmake-3.30/Modules/CMakeDetermineASM_NASMCompiler.cmake:29 (include)"
      - "simd/CMakeLists.txt:52 (enable_language)"
    message: |
      Checking whether the ASM_NASM compiler is TI using "-h" did not match "Texas Instruments":
      Usage: D:/lenky_jpegli/vcpkg/downloads/tools/nasm/nasm-2.16.03/nasm.exe [-@ response_file] [options...] [--] filename
             D:/lenky_jpegli/vcpkg/downloads/tools/nasm/nasm-2.16.03/nasm.exe -v (or --v)
      
      Options (values in brackets indicate defaults):
      
          -h            show this text and exit (also --help)
          -v (or --v)   print the NASM version number and exit
          -@ file       response file; one command line option per line
      
          -o outfile    write output to outfile
          --keep-all    output files will not be removed even if an error happens
      
          -Xformat      specify error reporting format (gnu or vc)
          -s            redirect error messages to stdout
          -Zfile        redirect error messages to file
      
          -M            generate Makefile dependencies on stdout
          -MG           d:o, missing files assumed generated
          -MF file      set Makefile dependency file
          -MD file      assemble and generate dependencies
          -MT file      dependency target name
          -MQ file      dependency target name (quoted)
          -MP           emit phony targets
      
          -f format     select output file format
             bin                  Flat raw binary (MS-DOS, embedded, ...) [default]
             ith                  Intel Hex encoded flat binary
             srec                 Motorola S-records encoded flat binary
             aout                 Linux a.out
             aoutb                NetBSD/FreeBSD a.out
             coff                 COFF (i386) (DJGPP, some Unix variants)
             elf32                ELF32 (i386) (Linux, most Unix variants)
             elf64                ELF64 (x86-64) (Linux, most Unix variants)
             elfx32               ELFx32 (ELF32 for x86-64) (Linux)
             as86                 as86 (bin86/dev86 toolchain)
             obj                  Intel/Microsoft OMF (MS-DOS, OS/2, Win16)
             win32                Microsoft extended COFF for Win32 (i386)
             win64                Microsoft extended COFF for Win64 (x86-64)
             ieee                 IEEE-695 (LADsoft variant) object file format
             macho32              Mach-O i386 (Mach, including MacOS X and variants)
             macho64              Mach-O x86-64 (Mach, including MacOS X and variants)
             dbg                  Trace of all info passed to output stage
             elf                  Legacy alias for "elf32"
             macho                Legacy alias for "macho32"
             win                  Legacy alias for "win32"
      
          -g            generate debugging information
          -F format     select a debugging format (output format dependent)
          -gformat      same as -g -F format
             elf32:     dwarf     ELF32 (i386) dwarf (newer) [default]
                        stabs     ELF32 (i386) stabs (older)
             elf64:     dwarf     ELF64 (x86-64) dwarf (newer) [default]
                        stabs     ELF64 (x86-64) stabs (older)
             elfx32:    dwarf     ELFx32 (x86-64) dwarf (newer) [default]
                        stabs     ELFx32 (x86-64) stabs (older)
             obj:       borland   Borland Debug Records [default]
             win32:     cv8       Codeview 8+ [default]
             win64:     cv8       Codeview 8+ [default]
             ieee:      ladsoft   LADsoft Debug Records [default]
             macho32:   dwarf     Mach-O i386 dwarf for Darwin/MacOS [default]
             macho64:   dwarf     Mach-O x86-64 dwarf for Darwin/MacOS [default]
             dbg:       debug     Trace of all info passed to debug stage [default]
      
          -l listfile   write listing to a list file
          -Lflags...    add optional information to the list file
             -Lb        show builtin macro packages (standard and %use)
             -Ld        show byte and repeat counts in decimal, not hex
             -Le        show the preprocessed output
             -Lf        ignore .nolist (force output)
             -Lm        show multi-line macro calls with expanded parameters
             -Lp        output a list file every pass, in case of errors
             -Ls        show all single-line macro definitions
             -Lw        flush the output after every line (very slow!)
             -L+        enable all listing options except -Lw (very verbose!)
      
          -Oflags...    optimize opcodes, immediates and branch offsets
             -O0        no optimization
             -O1        minimal optimization
             -Ox        multipass optimization (default)
             -Ov        display the number of passes executed at the end
          -t            assemble in limited SciTech TASM compatible mode
      
          -E (or -e)    preprocess only (writes output to stdout by default)
          -a            don't preprocess (assemble only)
          -Ipath        add a pathname to the include file path
          -Pfile        pre-include a file (also --include)
          -Dmacro[=str] pre-define a macro
          -Umacro       undefine a macro
         --pragma str   pre-executes a specific %%pragma
         --before str   add line (usually a preprocessor statement) before the input
         --no-line      ignore %line directives in input
      
         --prefix str   prepend the given string to the names of all extern,
                        common and global symbols (also --gprefix)
         --suffix str   append the given string to the names of all extern,
                        common and global symbols (also --gprefix)
         --lprefix str  prepend the given string to local symbols
         --lpostfix str append the given string to local symbols
      
         --reproducible attempt to produce run-to-run identical output
      
          -w+x          enable warning x (also -Wx)
          -w-x          disable warning x (also -Wno-x)
          -w[+-]error   promote all warnings to errors (also -Werror)
          -w[+-]error=x promote warning x to errors (also -Werror=x)
             all                  all possible warnings
             db-empty             no operand for data declaration [on]
             ea                   all warnings prefixed with "ea-"
             ea-absolute          absolute address cannot be RIP-relative [on]
             ea-dispsize          displacement size ignored on absolute address [on]
             float                all warnings prefixed with "float-"
             float-denorm         floating point denormal [off]
             float-overflow       floating point overflow [on]
             float-toolong        too many digits in floating-point number [on]
             float-underflow      floating point underflow [off]
             forward              forward reference may have unpredictable results [on]
             label                all warnings prefixed with "label-"
             label-orphan         labels alone on lines without trailing : [on]
             label-redef          label redefined to an identical value [off]
             label-redef-late     label (re)defined during code generation [error]
             number-overflow      numeric constant does not fit [on]
             obsolete             all warnings prefixed with "obsolete-"
             obsolete-nop         instruction obsolete and is a noop on the target CPU [on]
             obsolete-removed     instruction obsolete and removed on the target CPU [on]
             obsolete-valid       instruction obsolete but valid on the target CPU [on]
             phase                phase error during stabilization [off]
             pp                   all warnings prefixed with "pp-"
             pp-else              all warnings prefixed with "pp-else-"
             pp-else-elif         %elif after %else [on]
             pp-else-else         %else after %else [on]
             pp-empty-braces      empty %{} construct [on]
             pp-environment       nonexistent environment variable [on]
             pp-macro             all warnings prefixed with "pp-macro-"
             pp-macro-def         all warnings prefixed with "pp-macro-def-"
             pp-macro-def-case-single single-line macro defined both case sensitive and insensitive [on]
             pp-macro-def-greedy-single single-line macro [on]
             pp-macro-def-param-single single-line macro defined with and without parameters [error]
             pp-macro-defaults    macros with more default than optional parameters [on]
             pp-macro-params      all warnings prefixed with "pp-macro-params-"
             pp-macro-params-legacy improperly calling multi-line macro for legacy support [on]
             pp-macro-params-multi multi-line macro calls with wrong parameter count [on]
             pp-macro-params-single single-line macro calls with wrong parameter count [on]
             pp-macro-redef-multi redefining multi-line macro [on]
             pp-open              all warnings prefixed with "pp-open-"
             pp-open-braces       unterminated %{...} [on]
             pp-open-brackets     unterminated %[...] [on]
             pp-open-string       unterminated string [on]
             pp-rep-negative      regative %rep count [on]
             pp-sel-range         %sel() argument out of range [on]
             pp-trailing          trailing garbage ignored [on]
             pragma               all warnings prefixed with "pragma-"
             pragma-bad           malformed %pragma [off]
             pragma-empty         empty %pragma directive [off]
             pragma-na            %pragma not applicable to this compilation [off]
             pragma-unknown       unknown %pragma facility or directive [off]
             prefix               all warnings prefixed with "prefix-"
             prefix-bnd           invalid BND prefix [on]
             prefix-hle           invalid HLE prefix [on]
             prefix-lock          all warnings prefixed with "prefix-lock-"
             prefix-lock-error    LOCK prefix on unlockable instruction [on]
             prefix-lock-xchg     superfluous LOCK prefix on XCHG instruction [on]
             prefix-opsize        invalid operand size prefix [on]
             prefix-seg           segment prefix ignored in 64-bit mode [on]
             ptr                  non-NASM keyword used in other assemblers [on]
             regsize              register size specification ignored [on]
             reloc                all warnings prefixed with "reloc-"
             reloc-abs            all warnings prefixed with "reloc-abs-"
             reloc-abs-byte       8-bit absolute section-crossing relocation [off]
             reloc-abs-dword      32-bit absolute section-crossing relocation [off]
             reloc-abs-qword      64-bit absolute section-crossing relocation [off]
             reloc-abs-word       16-bit absolute section-crossing relocation [off]
             reloc-rel            all warnings prefixed with "reloc-rel-"
             reloc-rel-byte       8-bit relative section-crossing relocation [off]
             reloc-rel-dword      32-bit relative section-crossing relocation [off]
             reloc-rel-qword      64-bit relative section-crossing relocation [off]
             reloc-rel-word       16-bit relative section-crossing relocation [off]
             unknown-warning      unknown warning in -W/-w or warning directive [off]
             user                 %warning directives [on]
             warn-stack-empty     warning stack empty [on]
             zeroing              RESx in initialized section becomes zero [on]
             zext-reloc           relocation zero-extended to match output format [on]
             other                any warning not specifically mentioned above [on]
      
         --limit-X val  set execution limit X
             passes               total number of passes [unlimited]
             stalled-passes       number of passes without forward progress [1000]
             macro-levels         levels of macro expansion [10000]
             macro-tokens         tokens processed during single-lime macro expansion [10000000]
             mmacros              multi-line macros before final return [100000]
             rep                  %rep count [1000000]
             eval                 expression evaluation descent [8192]
             lines                total source lines processed [2000000000]
  -
    kind: "message-v1"
    backtrace:
      - "C:/Program Files/CMake/share/cmake-3.30/Modules/CMakeDetermineCompilerId.cmake:1205 (message)"
      - "C:/Program Files/CMake/share/cmake-3.30/Modules/CMakeDetermineASMCompiler.cmake:135 (CMAKE_DETERMINE_COMPILER_ID_VENDOR)"
      - "C:/Program Files/CMake/share/cmake-3.30/Modules/CMakeDetermineASM_NASMCompiler.cmake:29 (include)"
      - "simd/CMakeLists.txt:52 (enable_language)"
    message: |
      Checking whether the ASM_NASM compiler is TIClang using "--version" did not match "(TI (.*) Clang Compiler)":
      NASM version 2.16.03 compiled on Apr 17 2024
  -
    kind: "message-v1"
    backtrace:
      - "C:/Program Files/CMake/share/cmake-3.30/Modules/CMakeDetermineCompilerId.cmake:1205 (message)"
      - "C:/Program Files/CMake/share/cmake-3.30/Modules/CMakeDetermineASMCompiler.cmake:135 (CMAKE_DETERMINE_COMPILER_ID_VENDOR)"
      - "C:/Program Files/CMake/share/cmake-3.30/Modules/CMakeDetermineASM_NASMCompiler.cmake:29 (include)"
      - "simd/CMakeLists.txt:52 (enable_language)"
    message: |
      Checking whether the ASM_NASM compiler is IAR using "" did not match "IAR Assembler":
      nasm: fatal: no input file specified
      Type D:/lenky_jpegli/vcpkg/downloads/tools/nasm/nasm-2.16.03/nasm.exe -h for help.
  -
    kind: "message-v1"
    backtrace:
      - "C:/Program Files/CMake/share/cmake-3.30/Modules/CMakeDetermineCompilerId.cmake:1205 (message)"
      - "C:/Program Files/CMake/share/cmake-3.30/Modules/CMakeDetermineASMCompiler.cmake:135 (CMAKE_DETERMINE_COMPILER_ID_VENDOR)"
      - "C:/Program Files/CMake/share/cmake-3.30/Modules/CMakeDetermineASM_NASMCompiler.cmake:29 (include)"
      - "simd/CMakeLists.txt:52 (enable_language)"
    message: |
      Checking whether the ASM_NASM compiler is ARMCC using "" did not match "(ARM Compiler)|(ARM Assembler)|(Arm Compiler)":
      nasm: fatal: no input file specified
      Type D:/lenky_jpegli/vcpkg/downloads/tools/nasm/nasm-2.16.03/nasm.exe -h for help.
  -
    kind: "message-v1"
    backtrace:
      - "C:/Program Files/CMake/share/cmake-3.30/Modules/CMakeDetermineCompilerId.cmake:1192 (message)"
      - "C:/Program Files/CMake/share/cmake-3.30/Modules/CMakeDetermineASMCompiler.cmake:135 (CMAKE_DETERMINE_COMPILER_ID_VENDOR)"
      - "C:/Program Files/CMake/share/cmake-3.30/Modules/CMakeDetermineASM_NASMCompiler.cmake:29 (include)"
      - "simd/CMakeLists.txt:52 (enable_language)"
    message: |
      Checking whether the ASM_NASM compiler is NASM using "-v" matched "(NASM version)":
      NASM version 2.16.03 compiled on Apr 17 2024
...
